WARN  [AWT-EventQueue-0] 2015-07-29 15:22:03,448 repast.simphony.scenario.ScenarioLoader - While initializing classpath: Empty or non-existent path 'C:\Users\Tyler\Google Drive\School\Research\Summer Research 2015\Bee Simulation\lib'.
WARN  [AWT-EventQueue-0] 2015-07-29 15:23:48,969 repast.simphony.scenario.ScenarioCPInitializer - Warning while parsing classpath: Empty or non-existent path 'C:\Users\Tyler\Google Drive\School\Research\Summer Research 2015\Bee Simulation\lib'.
WARN  [AWT-EventQueue-0] 2015-07-29 15:23:49,060 repast.simphony.scenario.ScenarioLoader - While initializing classpath: Empty or non-existent path 'C:\Users\Tyler\Google Drive\School\Research\Summer Research 2015\Bee Simulation\lib'.
WARN  [AWT-EventQueue-0] 2015-07-29 15:28:36,270 repast.simphony.scenario.ScenarioCPInitializer - Warning while parsing classpath: Empty or non-existent path 'C:\Users\Tyler\Google Drive\School\Research\Summer Research 2015\Bee Simulation\lib'.
WARN  [AWT-EventQueue-0] 2015-07-29 15:28:36,359 repast.simphony.scenario.ScenarioLoader - While initializing classpath: Empty or non-existent path 'C:\Users\Tyler\Google Drive\School\Research\Summer Research 2015\Bee Simulation\lib'.
INFO  [AWT-EventQueue-0] 2015-07-29 15:31:27,800 repast.simphony.ui.widget.MovieMaker - Movie capture has started metaData=[STATUS]
INFO  [AWT-EventQueue-0] 2015-07-29 15:31:48,913 repast.simphony.ui.widget.MovieMaker - Movie capture has finished metaData=[STATUS]
WARN  [AWT-EventQueue-0] 2015-07-29 15:33:30,220 repast.simphony.scenario.ScenarioCPInitializer - Warning while parsing classpath: Empty or non-existent path 'C:\Users\Tyler\Google Drive\School\Research\Summer Research 2015\Bee Simulation\lib'.
WARN  [AWT-EventQueue-0] 2015-07-29 15:33:30,333 repast.simphony.scenario.ScenarioLoader - While initializing classpath: Empty or non-existent path 'C:\Users\Tyler\Google Drive\School\Research\Summer Research 2015\Bee Simulation\lib'.
WARN  [AWT-EventQueue-0] 2015-07-29 15:38:06,489 repast.simphony.scenario.ScenarioCPInitializer - Warning while parsing classpath: Empty or non-existent path 'C:\Users\Tyler\Google Drive\School\Research\Summer Research 2015\Bee Simulation\lib'.
WARN  [AWT-EventQueue-0] 2015-07-29 15:38:06,587 repast.simphony.scenario.ScenarioLoader - While initializing classpath: Empty or non-existent path 'C:\Users\Tyler\Google Drive\School\Research\Summer Research 2015\Bee Simulation\lib'.
WARN  [AWT-EventQueue-0] 2015-07-29 15:39:16,105 repast.simphony.scenario.ScenarioCPInitializer - Warning while parsing classpath: Empty or non-existent path 'C:\Users\Tyler\Google Drive\School\Research\Summer Research 2015\Bee Simulation\lib'.
WARN  [AWT-EventQueue-0] 2015-07-29 15:39:16,199 repast.simphony.scenario.ScenarioLoader - While initializing classpath: Empty or non-existent path 'C:\Users\Tyler\Google Drive\School\Research\Summer Research 2015\Bee Simulation\lib'.
WARN  [AWT-EventQueue-0] 2015-07-29 15:39:49,498 repast.simphony.scenario.ScenarioCPInitializer - Warning while parsing classpath: Empty or non-existent path 'C:\Users\Tyler\Google Drive\School\Research\Summer Research 2015\Bee Simulation\lib'.
WARN  [AWT-EventQueue-0] 2015-07-29 15:39:49,599 repast.simphony.scenario.ScenarioLoader - While initializing classpath: Empty or non-existent path 'C:\Users\Tyler\Google Drive\School\Research\Summer Research 2015\Bee Simulation\lib'.
WARN  [AWT-EventQueue-0] 2015-07-29 15:49:40,614 repast.simphony.scenario.ScenarioCPInitializer - Warning while parsing classpath: Empty or non-existent path 'C:\Users\Tyler\Google Drive\School\Research\Summer Research 2015\Bee Simulation\lib'.
WARN  [AWT-EventQueue-0] 2015-07-29 15:49:40,720 repast.simphony.scenario.ScenarioLoader - While initializing classpath: Empty or non-existent path 'C:\Users\Tyler\Google Drive\School\Research\Summer Research 2015\Bee Simulation\lib'.
WARN  [AWT-EventQueue-0] 2015-07-29 15:51:29,375 repast.simphony.scenario.ScenarioCPInitializer - Warning while parsing classpath: Empty or non-existent path 'C:\Users\Tyler\Google Drive\School\Research\Summer Research 2015\Bee Simulation\lib'.
WARN  [AWT-EventQueue-0] 2015-07-29 15:51:29,472 repast.simphony.scenario.ScenarioLoader - While initializing classpath: Empty or non-existent path 'C:\Users\Tyler\Google Drive\School\Research\Summer Research 2015\Bee Simulation\lib'.
WARN  [AWT-EventQueue-0] 2015-07-29 15:54:58,550 repast.simphony.scenario.ScenarioCPInitializer - Warning while parsing classpath: Empty or non-existent path 'C:\Users\Tyler\Google Drive\School\Research\Summer Research 2015\Bee Simulation\lib'.
WARN  [AWT-EventQueue-0] 2015-07-29 15:54:58,662 repast.simphony.scenario.ScenarioLoader - While initializing classpath: Empty or non-existent path 'C:\Users\Tyler\Google Drive\School\Research\Summer Research 2015\Bee Simulation\lib'.
WARN  [AWT-EventQueue-0] 2015-07-29 15:55:48,963 repast.simphony.scenario.ScenarioCPInitializer - Warning while parsing classpath: Empty or non-existent path 'C:\Users\Tyler\Google Drive\School\Research\Summer Research 2015\Bee Simulation\lib'.
WARN  [AWT-EventQueue-0] 2015-07-29 15:55:49,053 repast.simphony.scenario.ScenarioLoader - While initializing classpath: Empty or non-existent path 'C:\Users\Tyler\Google Drive\School\Research\Summer Research 2015\Bee Simulation\lib'.
WARN  [AWT-EventQueue-0] 2015-07-29 16:13:48,056 repast.simphony.scenario.ScenarioCPInitializer - Warning while parsing classpath: Empty or non-existent path 'C:\Users\Tyler\Google Drive\School\Research\Summer Research 2015\Bee Simulation\lib'.
WARN  [AWT-EventQueue-0] 2015-07-29 16:13:48,216 repast.simphony.scenario.ScenarioLoader - While initializing classpath: Empty or non-existent path 'C:\Users\Tyler\Google Drive\School\Research\Summer Research 2015\Bee Simulation\lib'.
FATAL [Thread-7] 2015-07-29 16:14:14,635 repast.simphony.ui.GUIScheduleRunner - RunTimeException when running the schedule
Current tick (64.0)
java.lang.RuntimeException: java.lang.reflect.InvocationTargetException
	at repast.simphony.engine.schedule.DynamicTargetAction.execute(DynamicTargetAction.java:72)
	at repast.simphony.engine.controller.ScheduledMethodControllerAction$ScheduleMethodAllAction.execute(ScheduledMethodControllerAction.java:333)
	at repast.simphony.engine.schedule.DefaultAction.execute(DefaultAction.java:38)
	at repast.simphony.engine.schedule.ScheduleGroup.executeList(ScheduleGroup.java:205)
	at repast.simphony.engine.schedule.ScheduleGroup.execute(ScheduleGroup.java:231)
	at repast.simphony.engine.schedule.Schedule.execute(Schedule.java:352)
	at repast.simphony.ui.GUIScheduleRunner$ScheduleLoopRunnable.run(GUIScheduleRunner.java:52)
	at java.lang.Thread.run(Unknown Source)
Caused by: java.lang.reflect.InvocationTargetException
	at beeSim_V3.Bee$$FastClassByCGLIB$$8b4ff01b.invoke(<generated>)
	at net.sf.cglib.reflect.FastMethod.invoke(FastMethod.java:53)
	at repast.simphony.engine.schedule.DynamicTargetAction.execute(DynamicTargetAction.java:69)
	... 7 more
Caused by: java.lang.NullPointerException
	at beeSim_V3.Bee.foundFlower(Bee.java:382)
	at beeSim_V3.Bee.scout(Bee.java:186)
	at beeSim_V3.Bee.update(Bee.java:94)
	... 10 more
WARN  [AWT-EventQueue-0] 2015-07-29 16:22:59,415 repast.simphony.scenario.ScenarioCPInitializer - Warning while parsing classpath: Empty or non-existent path 'C:\Users\Tyler\Google Drive\School\Research\Summer Research 2015\Bee Simulation\lib'.
WARN  [AWT-EventQueue-0] 2015-07-29 16:22:59,521 repast.simphony.scenario.ScenarioLoader - While initializing classpath: Empty or non-existent path 'C:\Users\Tyler\Google Drive\School\Research\Summer Research 2015\Bee Simulation\lib'.
FATAL [Thread-7] 2015-07-29 16:23:08,785 repast.simphony.ui.GUIScheduleRunner - RunTimeException when running the schedule
Current tick (108.0)
java.lang.RuntimeException: java.lang.reflect.InvocationTargetException
	at repast.simphony.engine.schedule.DynamicTargetAction.execute(DynamicTargetAction.java:72)
	at repast.simphony.engine.controller.ScheduledMethodControllerAction$ScheduleMethodAllAction.execute(ScheduledMethodControllerAction.java:333)
	at repast.simphony.engine.schedule.DefaultAction.execute(DefaultAction.java:38)
	at repast.simphony.engine.schedule.ScheduleGroup.executeList(ScheduleGroup.java:205)
	at repast.simphony.engine.schedule.ScheduleGroup.execute(ScheduleGroup.java:231)
	at repast.simphony.engine.schedule.Schedule.execute(Schedule.java:352)
	at repast.simphony.ui.GUIScheduleRunner$ScheduleLoopRunnable.run(GUIScheduleRunner.java:52)
	at java.lang.Thread.run(Unknown Source)
Caused by: java.lang.reflect.InvocationTargetException
	at beeSim_V3.Bee$$FastClassByCGLIB$$8b4ff01b.invoke(<generated>)
	at net.sf.cglib.reflect.FastMethod.invoke(FastMethod.java:53)
	at repast.simphony.engine.schedule.DynamicTargetAction.execute(DynamicTargetAction.java:69)
	... 7 more
Caused by: java.lang.NullPointerException
	at beeSim_V3.Bee.foundFlower(Bee.java:383)
	at beeSim_V3.Bee.scout(Bee.java:186)
	at beeSim_V3.Bee.update(Bee.java:94)
	... 10 more
WARN  [AWT-EventQueue-0] 2015-07-29 16:24:20,829 repast.simphony.scenario.ScenarioCPInitializer - Warning while parsing classpath: Empty or non-existent path 'C:\Users\Tyler\Google Drive\School\Research\Summer Research 2015\Bee Simulation\lib'.
WARN  [AWT-EventQueue-0] 2015-07-29 16:24:20,933 repast.simphony.scenario.ScenarioLoader - While initializing classpath: Empty or non-existent path 'C:\Users\Tyler\Google Drive\School\Research\Summer Research 2015\Bee Simulation\lib'.
FATAL [Thread-7] 2015-07-29 16:24:28,980 repast.simphony.ui.GUIScheduleRunner - RunTimeException when running the schedule
Current tick (116.0)
java.lang.RuntimeException: java.lang.reflect.InvocationTargetException
	at repast.simphony.engine.schedule.DynamicTargetAction.execute(DynamicTargetAction.java:72)
	at repast.simphony.engine.controller.ScheduledMethodControllerAction$ScheduleMethodAllAction.execute(ScheduledMethodControllerAction.java:333)
	at repast.simphony.engine.schedule.DefaultAction.execute(DefaultAction.java:38)
	at repast.simphony.engine.schedule.ScheduleGroup.executeList(ScheduleGroup.java:205)
	at repast.simphony.engine.schedule.ScheduleGroup.execute(ScheduleGroup.java:231)
	at repast.simphony.engine.schedule.Schedule.execute(Schedule.java:352)
	at repast.simphony.ui.GUIScheduleRunner$ScheduleLoopRunnable.run(GUIScheduleRunner.java:52)
	at java.lang.Thread.run(Unknown Source)
Caused by: java.lang.reflect.InvocationTargetException
	at beeSim_V3.Bee$$FastClassByCGLIB$$8b4ff01b.invoke(<generated>)
	at net.sf.cglib.reflect.FastMethod.invoke(FastMethod.java:53)
	at repast.simphony.engine.schedule.DynamicTargetAction.execute(DynamicTargetAction.java:69)
	... 7 more
Caused by: java.lang.NullPointerException
	at beeSim_V3.Bee.foundFlower(Bee.java:383)
	at beeSim_V3.Bee.scout(Bee.java:186)
	at beeSim_V3.Bee.update(Bee.java:94)
	... 10 more
WARN  [AWT-EventQueue-0] 2015-07-29 16:26:50,012 repast.simphony.scenario.ScenarioCPInitializer - Warning while parsing classpath: Empty or non-existent path 'C:\Users\Tyler\Google Drive\School\Research\Summer Research 2015\Bee Simulation\lib'.
WARN  [AWT-EventQueue-0] 2015-07-29 16:26:50,103 repast.simphony.scenario.ScenarioLoader - While initializing classpath: Empty or non-existent path 'C:\Users\Tyler\Google Drive\School\Research\Summer Research 2015\Bee Simulation\lib'.
FATAL [Thread-7] 2015-07-29 16:27:15,777 repast.simphony.ui.GUIScheduleRunner - RunTimeException when running the schedule
Current tick (3.0)
java.lang.RuntimeException: java.lang.reflect.InvocationTargetException
	at repast.simphony.engine.schedule.DynamicTargetAction.execute(DynamicTargetAction.java:72)
	at repast.simphony.engine.controller.ScheduledMethodControllerAction$ScheduleMethodAllAction.execute(ScheduledMethodControllerAction.java:333)
	at repast.simphony.engine.schedule.DefaultAction.execute(DefaultAction.java:38)
	at repast.simphony.engine.schedule.ScheduleGroup.executeList(ScheduleGroup.java:205)
	at repast.simphony.engine.schedule.ScheduleGroup.execute(ScheduleGroup.java:231)
	at repast.simphony.engine.schedule.Schedule.execute(Schedule.java:352)
	at repast.simphony.ui.GUIScheduleRunner$ScheduleLoopRunnable.run(GUIScheduleRunner.java:52)
	at java.lang.Thread.run(Unknown Source)
Caused by: java.lang.reflect.InvocationTargetException
	at beeSim_V3.Bee$$FastClassByCGLIB$$8b4ff01b.invoke(<generated>)
	at net.sf.cglib.reflect.FastMethod.invoke(FastMethod.java:53)
	at repast.simphony.engine.schedule.DynamicTargetAction.execute(DynamicTargetAction.java:69)
	... 7 more
Caused by: java.lang.NullPointerException
	at beeSim_V3.Bee.foundFlower(Bee.java:383)
	at beeSim_V3.Bee.scout(Bee.java:186)
	at beeSim_V3.Bee.update(Bee.java:94)
	... 10 more
WARN  [AWT-EventQueue-0] 2015-07-29 16:28:02,449 repast.simphony.scenario.ScenarioCPInitializer - Warning while parsing classpath: Empty or non-existent path 'C:\Users\Tyler\Google Drive\School\Research\Summer Research 2015\Bee Simulation\lib'.
WARN  [AWT-EventQueue-0] 2015-07-29 16:28:02,548 repast.simphony.scenario.ScenarioLoader - While initializing classpath: Empty or non-existent path 'C:\Users\Tyler\Google Drive\School\Research\Summer Research 2015\Bee Simulation\lib'.
WARN  [AWT-EventQueue-0] 2015-07-29 16:29:25,444 repast.simphony.scenario.ScenarioCPInitializer - Warning while parsing classpath: Empty or non-existent path 'C:\Users\Tyler\Google Drive\School\Research\Summer Research 2015\Bee Simulation\lib'.
WARN  [AWT-EventQueue-0] 2015-07-29 16:29:25,551 repast.simphony.scenario.ScenarioLoader - While initializing classpath: Empty or non-existent path 'C:\Users\Tyler\Google Drive\School\Research\Summer Research 2015\Bee Simulation\lib'.
ERROR [AWT-EventQueue-0] 2015-07-29 16:29:32,416 repast.simphony.ui.RSApplication - Error while initializing simulation
java.lang.NullPointerException
	at repast.simphony.util.ContextUtils.getContext(ContextUtils.java:93)
	at beeSim_V3.Bee.<init>(Bee.java:76)
	at beeSim_V3.SimBuilder.build(SimBuilder.java:138)
	at repast.simphony.dataLoader.engine.ClassNameContextBuilder.build(ClassNameContextBuilder.java:41)
	at repast.simphony.dataLoader.engine.DataLoaderControllerAction.runInitialize(DataLoaderControllerAction.java:48)
	at repast.simphony.engine.controller.DefaultController$2.visit(DefaultController.java:214)
	at repast.simphony.engine.controller.DefaultController$2.visit(DefaultController.java:1)
	at repast.simphony.util.collections.NaryTree.preOrderTraverals(NaryTree.java:292)
	at repast.simphony.util.collections.NaryTree.preOrderTraverals(NaryTree.java:295)
	at repast.simphony.util.collections.NaryTree.preOrderTraverals(NaryTree.java:295)
	at repast.simphony.util.collections.NaryTree.preOrderTraversal(NaryTree.java:288)
	at repast.simphony.engine.controller.DefaultController.runInitialize(DefaultController.java:212)
	at repast.simphony.engine.controller.DefaultController.runInitialize(DefaultController.java:383)
	at repast.simphony.ui.RSApplication.initSim(RSApplication.java:157)
	at repast.simphony.ui.RSApplication.start(RSApplication.java:189)
	at repast.simphony.ui.action.StartRun.actionPerformed(StartRun.java:17)
	at javax.swing.AbstractButton.fireActionPerformed(Unknown Source)
	at javax.swing.AbstractButton$Handler.actionPerformed(Unknown Source)
	at javax.swing.DefaultButtonModel.fireActionPerformed(Unknown Source)
	at javax.swing.DefaultButtonModel.setPressed(Unknown Source)
	at javax.swing.plaf.basic.BasicButtonListener.mouseReleased(Unknown Source)
	at java.awt.AWTEventMulticaster.mouseReleased(Unknown Source)
	at java.awt.Component.processMouseEvent(Unknown Source)
	at javax.swing.JComponent.processMouseEvent(Unknown Source)
	at java.awt.Component.processEvent(Unknown Source)
	at java.awt.Container.processEvent(Unknown Source)
	at java.awt.Component.dispatchEventImpl(Unknown Source)
	at java.awt.Container.dispatchEventImpl(Unknown Source)
	at java.awt.Component.dispatchEvent(Unknown Source)
	at java.awt.LightweightDispatcher.retargetMouseEvent(Unknown Source)
	at java.awt.LightweightDispatcher.processMouseEvent(Unknown Source)
	at java.awt.LightweightDispatcher.dispatchEvent(Unknown Source)
	at java.awt.Container.dispatchEventImpl(Unknown Source)
	at java.awt.Window.dispatchEventImpl(Unknown Source)
	at java.awt.Component.dispatchEvent(Unknown Source)
	at java.awt.EventQueue.dispatchEventImpl(Unknown Source)
	at java.awt.EventQueue.access$500(Unknown Source)
	at java.awt.EventQueue$3.run(Unknown Source)
	at java.awt.EventQueue$3.run(Unknown Source)
	at java.security.AccessController.doPrivileged(Native Method)
	at java.security.ProtectionDomain$1.doIntersectionPrivilege(Unknown Source)
	at java.security.ProtectionDomain$1.doIntersectionPrivilege(Unknown Source)
	at java.awt.EventQueue$4.run(Unknown Source)
	at java.awt.EventQueue$4.run(Unknown Source)
	at java.security.AccessController.doPrivileged(Native Method)
	at java.security.ProtectionDomain$1.doIntersectionPrivilege(Unknown Source)
	at java.awt.EventQueue.dispatchEvent(Unknown Source)
	at java.awt.EventDispatchThread.pumpOneEventForFilters(Unknown Source)
	at java.awt.EventDispatchThread.pumpEventsForFilter(Unknown Source)
	at java.awt.EventDispatchThread.pumpEventsForHierarchy(Unknown Source)
	at java.awt.EventDispatchThread.pumpEvents(Unknown Source)
	at java.awt.EventDispatchThread.pumpEvents(Unknown Source)
	at java.awt.EventDispatchThread.run(Unknown Source)
WARN  [AWT-EventQueue-0] 2015-07-29 16:31:37,496 repast.simphony.scenario.ScenarioCPInitializer - Warning while parsing classpath: Empty or non-existent path 'C:\Users\Tyler\Google Drive\School\Research\Summer Research 2015\Bee Simulation\lib'.
WARN  [AWT-EventQueue-0] 2015-07-29 16:31:37,596 repast.simphony.scenario.ScenarioLoader - While initializing classpath: Empty or non-existent path 'C:\Users\Tyler\Google Drive\School\Research\Summer Research 2015\Bee Simulation\lib'.
ERROR [AWT-EventQueue-0] 2015-07-29 16:31:40,493 repast.simphony.ui.RSApplication - Error while initializing simulation
java.lang.NullPointerException
	at beeSim_V3.Bee.<init>(Bee.java:77)
	at beeSim_V3.SimBuilder.build(SimBuilder.java:138)
	at repast.simphony.dataLoader.engine.ClassNameContextBuilder.build(ClassNameContextBuilder.java:41)
	at repast.simphony.dataLoader.engine.DataLoaderControllerAction.runInitialize(DataLoaderControllerAction.java:48)
	at repast.simphony.engine.controller.DefaultController$2.visit(DefaultController.java:214)
	at repast.simphony.engine.controller.DefaultController$2.visit(DefaultController.java:1)
	at repast.simphony.util.collections.NaryTree.preOrderTraverals(NaryTree.java:292)
	at repast.simphony.util.collections.NaryTree.preOrderTraverals(NaryTree.java:295)
	at repast.simphony.util.collections.NaryTree.preOrderTraverals(NaryTree.java:295)
	at repast.simphony.util.collections.NaryTree.preOrderTraversal(NaryTree.java:288)
	at repast.simphony.engine.controller.DefaultController.runInitialize(DefaultController.java:212)
	at repast.simphony.engine.controller.DefaultController.runInitialize(DefaultController.java:383)
	at repast.simphony.ui.RSApplication.initSim(RSApplication.java:157)
	at repast.simphony.ui.action.InitRun.actionPerformed(InitRun.java:17)
	at javax.swing.AbstractButton.fireActionPerformed(Unknown Source)
	at javax.swing.AbstractButton$Handler.actionPerformed(Unknown Source)
	at javax.swing.DefaultButtonModel.fireActionPerformed(Unknown Source)
	at javax.swing.DefaultButtonModel.setPressed(Unknown Source)
	at javax.swing.plaf.basic.BasicButtonListener.mouseReleased(Unknown Source)
	at java.awt.AWTEventMulticaster.mouseReleased(Unknown Source)
	at java.awt.Component.processMouseEvent(Unknown Source)
	at javax.swing.JComponent.processMouseEvent(Unknown Source)
	at java.awt.Component.processEvent(Unknown Source)
	at java.awt.Container.processEvent(Unknown Source)
	at java.awt.Component.dispatchEventImpl(Unknown Source)
	at java.awt.Container.dispatchEventImpl(Unknown Source)
	at java.awt.Component.dispatchEvent(Unknown Source)
	at java.awt.LightweightDispatcher.retargetMouseEvent(Unknown Source)
	at java.awt.LightweightDispatcher.processMouseEvent(Unknown Source)
	at java.awt.LightweightDispatcher.dispatchEvent(Unknown Source)
	at java.awt.Container.dispatchEventImpl(Unknown Source)
	at java.awt.Window.dispatchEventImpl(Unknown Source)
	at java.awt.Component.dispatchEvent(Unknown Source)
	at java.awt.EventQueue.dispatchEventImpl(Unknown Source)
	at java.awt.EventQueue.access$500(Unknown Source)
	at java.awt.EventQueue$3.run(Unknown Source)
	at java.awt.EventQueue$3.run(Unknown Source)
	at java.security.AccessController.doPrivileged(Native Method)
	at java.security.ProtectionDomain$1.doIntersectionPrivilege(Unknown Source)
	at java.security.ProtectionDomain$1.doIntersectionPrivilege(Unknown Source)
	at java.awt.EventQueue$4.run(Unknown Source)
	at java.awt.EventQueue$4.run(Unknown Source)
	at java.security.AccessController.doPrivileged(Native Method)
	at java.security.ProtectionDomain$1.doIntersectionPrivilege(Unknown Source)
	at java.awt.EventQueue.dispatchEvent(Unknown Source)
	at java.awt.EventDispatchThread.pumpOneEventForFilters(Unknown Source)
	at java.awt.EventDispatchThread.pumpEventsForFilter(Unknown Source)
	at java.awt.EventDispatchThread.pumpEventsForHierarchy(Unknown Source)
	at java.awt.EventDispatchThread.pumpEvents(Unknown Source)
	at java.awt.EventDispatchThread.pumpEvents(Unknown Source)
	at java.awt.EventDispatchThread.run(Unknown Source)
FATAL [Thread-8] 2015-07-29 16:52:10,371 repast.simphony.ui.GUIScheduleRunner - RunTimeException when running the schedule
Current tick (61.0)
java.lang.RuntimeException: java.lang.reflect.InvocationTargetException
	at repast.simphony.engine.schedule.DynamicTargetAction.execute(DynamicTargetAction.java:72)
	at repast.simphony.engine.controller.ScheduledMethodControllerAction$ScheduleMethodAllAction.execute(ScheduledMethodControllerAction.java:333)
	at repast.simphony.engine.schedule.DefaultAction.execute(DefaultAction.java:38)
	at repast.simphony.engine.schedule.ScheduleGroup.executeList(ScheduleGroup.java:205)
	at repast.simphony.engine.schedule.ScheduleGroup.execute(ScheduleGroup.java:231)
	at repast.simphony.engine.schedule.Schedule.execute(Schedule.java:352)
	at repast.simphony.ui.GUIScheduleRunner$ScheduleLoopRunnable.run(GUIScheduleRunner.java:52)
	at java.lang.Thread.run(Unknown Source)
Caused by: java.lang.reflect.InvocationTargetException
	at beeSim_V3.Bee$$FastClassByCGLIB$$8b4ff01b.invoke(<generated>)
	at net.sf.cglib.reflect.FastMethod.invoke(FastMethod.java:53)
	at repast.simphony.engine.schedule.DynamicTargetAction.execute(DynamicTargetAction.java:69)
	... 7 more
Caused by: java.lang.NullPointerException
	at beeSim_V3.Bee.foundFlower(Bee.java:383)
	at beeSim_V3.Bee.scout(Bee.java:186)
	at beeSim_V3.Bee.update(Bee.java:94)
	... 10 more
WARN  [AWT-EventQueue-0] 2015-07-29 23:42:54,137 repast.simphony.scenario.ScenarioCPInitializer - Warning while parsing classpath: Empty or non-existent path 'C:\Users\Tyler\Google Drive\School\Research\Summer Research 2015\Bee Simulation\lib'.
WARN  [AWT-EventQueue-0] 2015-07-29 23:42:54,274 repast.simphony.scenario.ScenarioLoader - While initializing classpath: Empty or non-existent path 'C:\Users\Tyler\Google Drive\School\Research\Summer Research 2015\Bee Simulation\lib'.
WARN  [AWT-EventQueue-0] 2015-07-29 23:43:32,843 repast.simphony.scenario.ScenarioCPInitializer - Warning while parsing classpath: Empty or non-existent path 'C:\Users\Tyler\Google Drive\School\Research\Summer Research 2015\Bee Simulation\lib'.
WARN  [AWT-EventQueue-0] 2015-07-29 23:43:32,949 repast.simphony.scenario.ScenarioLoader - While initializing classpath: Empty or non-existent path 'C:\Users\Tyler\Google Drive\School\Research\Summer Research 2015\Bee Simulation\lib'.
ERROR [AWT-EventQueue-0] 2015-07-29 23:43:36,657 repast.simphony.ui.RSApplication - Error while initializing simulation
java.lang.NullPointerException
	at beeSim_V3.Bee.<init>(Bee.java:77)
	at beeSim_V3.SimBuilder.build(SimBuilder.java:138)
	at repast.simphony.dataLoader.engine.ClassNameContextBuilder.build(ClassNameContextBuilder.java:41)
	at repast.simphony.dataLoader.engine.DataLoaderControllerAction.runInitialize(DataLoaderControllerAction.java:48)
	at repast.simphony.engine.controller.DefaultController$2.visit(DefaultController.java:214)
	at repast.simphony.engine.controller.DefaultController$2.visit(DefaultController.java:1)
	at repast.simphony.util.collections.NaryTree.preOrderTraverals(NaryTree.java:292)
	at repast.simphony.util.collections.NaryTree.preOrderTraverals(NaryTree.java:295)
	at repast.simphony.util.collections.NaryTree.preOrderTraverals(NaryTree.java:295)
	at repast.simphony.util.collections.NaryTree.preOrderTraversal(NaryTree.java:288)
	at repast.simphony.engine.controller.DefaultController.runInitialize(DefaultController.java:212)
	at repast.simphony.engine.controller.DefaultController.runInitialize(DefaultController.java:383)
	at repast.simphony.ui.RSApplication.initSim(RSApplication.java:157)
	at repast.simphony.ui.action.InitRun.actionPerformed(InitRun.java:17)
	at javax.swing.AbstractButton.fireActionPerformed(Unknown Source)
	at javax.swing.AbstractButton$Handler.actionPerformed(Unknown Source)
	at javax.swing.DefaultButtonModel.fireActionPerformed(Unknown Source)
	at javax.swing.DefaultButtonModel.setPressed(Unknown Source)
	at javax.swing.plaf.basic.BasicButtonListener.mouseReleased(Unknown Source)
	at java.awt.AWTEventMulticaster.mouseReleased(Unknown Source)
	at java.awt.Component.processMouseEvent(Unknown Source)
	at javax.swing.JComponent.processMouseEvent(Unknown Source)
	at java.awt.Component.processEvent(Unknown Source)
	at java.awt.Container.processEvent(Unknown Source)
	at java.awt.Component.dispatchEventImpl(Unknown Source)
	at java.awt.Container.dispatchEventImpl(Unknown Source)
	at java.awt.Component.dispatchEvent(Unknown Source)
	at java.awt.LightweightDispatcher.retargetMouseEvent(Unknown Source)
	at java.awt.LightweightDispatcher.processMouseEvent(Unknown Source)
	at java.awt.LightweightDispatcher.dispatchEvent(Unknown Source)
	at java.awt.Container.dispatchEventImpl(Unknown Source)
	at java.awt.Window.dispatchEventImpl(Unknown Source)
	at java.awt.Component.dispatchEvent(Unknown Source)
	at java.awt.EventQueue.dispatchEventImpl(Unknown Source)
	at java.awt.EventQueue.access$500(Unknown Source)
	at java.awt.EventQueue$3.run(Unknown Source)
	at java.awt.EventQueue$3.run(Unknown Source)
	at java.security.AccessController.doPrivileged(Native Method)
	at java.security.ProtectionDomain$1.doIntersectionPrivilege(Unknown Source)
	at java.security.ProtectionDomain$1.doIntersectionPrivilege(Unknown Source)
	at java.awt.EventQueue$4.run(Unknown Source)
	at java.awt.EventQueue$4.run(Unknown Source)
	at java.security.AccessController.doPrivileged(Native Method)
	at java.security.ProtectionDomain$1.doIntersectionPrivilege(Unknown Source)
	at java.awt.EventQueue.dispatchEvent(Unknown Source)
	at java.awt.EventDispatchThread.pumpOneEventForFilters(Unknown Source)
	at java.awt.EventDispatchThread.pumpEventsForFilter(Unknown Source)
	at java.awt.EventDispatchThread.pumpEventsForHierarchy(Unknown Source)
	at java.awt.EventDispatchThread.pumpEvents(Unknown Source)
	at java.awt.EventDispatchThread.pumpEvents(Unknown Source)
	at java.awt.EventDispatchThread.run(Unknown Source)
ERROR [AWT-EventQueue-0] 2015-07-29 23:43:56,289 repast.simphony.ui.RSApplication - Error while initializing simulation
java.lang.NullPointerException
	at beeSim_V3.Bee.<init>(Bee.java:77)
	at beeSim_V3.SimBuilder.build(SimBuilder.java:138)
	at repast.simphony.dataLoader.engine.ClassNameContextBuilder.build(ClassNameContextBuilder.java:41)
	at repast.simphony.dataLoader.engine.DataLoaderControllerAction.runInitialize(DataLoaderControllerAction.java:48)
	at repast.simphony.engine.controller.DefaultController$2.visit(DefaultController.java:214)
	at repast.simphony.engine.controller.DefaultController$2.visit(DefaultController.java:1)
	at repast.simphony.util.collections.NaryTree.preOrderTraverals(NaryTree.java:292)
	at repast.simphony.util.collections.NaryTree.preOrderTraverals(NaryTree.java:295)
	at repast.simphony.util.collections.NaryTree.preOrderTraverals(NaryTree.java:295)
	at repast.simphony.util.collections.NaryTree.preOrderTraversal(NaryTree.java:288)
	at repast.simphony.engine.controller.DefaultController.runInitialize(DefaultController.java:212)
	at repast.simphony.engine.controller.DefaultController.runInitialize(DefaultController.java:383)
	at repast.simphony.ui.RSApplication.initSim(RSApplication.java:157)
	at repast.simphony.ui.action.InitRun.actionPerformed(InitRun.java:17)
	at javax.swing.AbstractButton.fireActionPerformed(Unknown Source)
	at javax.swing.AbstractButton$Handler.actionPerformed(Unknown Source)
	at javax.swing.DefaultButtonModel.fireActionPerformed(Unknown Source)
	at javax.swing.DefaultButtonModel.setPressed(Unknown Source)
	at javax.swing.plaf.basic.BasicButtonListener.mouseReleased(Unknown Source)
	at java.awt.AWTEventMulticaster.mouseReleased(Unknown Source)
	at java.awt.Component.processMouseEvent(Unknown Source)
	at javax.swing.JComponent.processMouseEvent(Unknown Source)
	at java.awt.Component.processEvent(Unknown Source)
	at java.awt.Container.processEvent(Unknown Source)
	at java.awt.Component.dispatchEventImpl(Unknown Source)
	at java.awt.Container.dispatchEventImpl(Unknown Source)
	at java.awt.Component.dispatchEvent(Unknown Source)
	at java.awt.LightweightDispatcher.retargetMouseEvent(Unknown Source)
	at java.awt.LightweightDispatcher.processMouseEvent(Unknown Source)
	at java.awt.LightweightDispatcher.dispatchEvent(Unknown Source)
	at java.awt.Container.dispatchEventImpl(Unknown Source)
	at java.awt.Window.dispatchEventImpl(Unknown Source)
	at java.awt.Component.dispatchEvent(Unknown Source)
	at java.awt.EventQueue.dispatchEventImpl(Unknown Source)
	at java.awt.EventQueue.access$500(Unknown Source)
	at java.awt.EventQueue$3.run(Unknown Source)
	at java.awt.EventQueue$3.run(Unknown Source)
	at java.security.AccessController.doPrivileged(Native Method)
	at java.security.ProtectionDomain$1.doIntersectionPrivilege(Unknown Source)
	at java.security.ProtectionDomain$1.doIntersectionPrivilege(Unknown Source)
	at java.awt.EventQueue$4.run(Unknown Source)
	at java.awt.EventQueue$4.run(Unknown Source)
	at java.security.AccessController.doPrivileged(Native Method)
	at java.security.ProtectionDomain$1.doIntersectionPrivilege(Unknown Source)
	at java.awt.EventQueue.dispatchEvent(Unknown Source)
	at java.awt.EventDispatchThread.pumpOneEventForFilters(Unknown Source)
	at java.awt.EventDispatchThread.pumpEventsForFilter(Unknown Source)
	at java.awt.EventDispatchThread.pumpEventsForHierarchy(Unknown Source)
	at java.awt.EventDispatchThread.pumpEvents(Unknown Source)
	at java.awt.EventDispatchThread.pumpEvents(Unknown Source)
	at java.awt.EventDispatchThread.run(Unknown Source)
WARN  [AWT-EventQueue-0] 2015-07-29 23:44:44,383 repast.simphony.scenario.ScenarioCPInitializer - Warning while parsing classpath: Empty or non-existent path 'C:\Users\Tyler\Google Drive\School\Research\Summer Research 2015\Bee Simulation\lib'.
WARN  [AWT-EventQueue-0] 2015-07-29 23:44:44,485 repast.simphony.scenario.ScenarioLoader - While initializing classpath: Empty or non-existent path 'C:\Users\Tyler\Google Drive\School\Research\Summer Research 2015\Bee Simulation\lib'.
WARN  [AWT-EventQueue-0] 2015-07-30 09:30:03,311 repast.simphony.scenario.ScenarioCPInitializer - Warning while parsing classpath: Empty or non-existent path 'C:\Users\Tyler\Google Drive\School\Research\Summer Research 2015\Bee Simulation\lib'.
WARN  [AWT-EventQueue-0] 2015-07-30 09:30:03,463 repast.simphony.scenario.ScenarioLoader - While initializing classpath: Empty or non-existent path 'C:\Users\Tyler\Google Drive\School\Research\Summer Research 2015\Bee Simulation\lib'.
WARN  [AWT-EventQueue-0] 2015-07-30 09:37:56,294 repast.simphony.scenario.ScenarioCPInitializer - Warning while parsing classpath: Empty or non-existent path 'C:\Users\Tyler\Google Drive\School\Research\Summer Research 2015\Bee Simulation\lib'.
WARN  [AWT-EventQueue-0] 2015-07-30 09:37:56,402 repast.simphony.scenario.ScenarioLoader - While initializing classpath: Empty or non-existent path 'C:\Users\Tyler\Google Drive\School\Research\Summer Research 2015\Bee Simulation\lib'.
WARN  [AWT-EventQueue-0] 2015-07-30 09:40:17,679 repast.simphony.scenario.ScenarioCPInitializer - Warning while parsing classpath: Empty or non-existent path 'C:\Users\Tyler\Google Drive\School\Research\Summer Research 2015\Bee Simulation\lib'.
WARN  [AWT-EventQueue-0] 2015-07-30 09:40:17,767 repast.simphony.scenario.ScenarioLoader - While initializing classpath: Empty or non-existent path 'C:\Users\Tyler\Google Drive\School\Research\Summer Research 2015\Bee Simulation\lib'.
WARN  [AWT-EventQueue-0] 2015-07-30 09:48:41,938 repast.simphony.scenario.ScenarioCPInitializer - Warning while parsing classpath: Empty or non-existent path 'C:\Users\Tyler\Google Drive\School\Research\Summer Research 2015\Bee Simulation\lib'.
WARN  [AWT-EventQueue-0] 2015-07-30 09:48:42,035 repast.simphony.scenario.ScenarioLoader - While initializing classpath: Empty or non-existent path 'C:\Users\Tyler\Google Drive\School\Research\Summer Research 2015\Bee Simulation\lib'.
WARN  [AWT-EventQueue-0] 2015-07-30 09:51:18,574 repast.simphony.scenario.ScenarioCPInitializer - Warning while parsing classpath: Empty or non-existent path 'C:\Users\Tyler\Google Drive\School\Research\Summer Research 2015\Bee Simulation\lib'.
WARN  [AWT-EventQueue-0] 2015-07-30 09:51:18,680 repast.simphony.scenario.ScenarioLoader - While initializing classpath: Empty or non-existent path 'C:\Users\Tyler\Google Drive\School\Research\Summer Research 2015\Bee Simulation\lib'.
WARN  [AWT-EventQueue-0] 2015-07-30 10:34:09,169 repast.simphony.scenario.ScenarioCPInitializer - Warning while parsing classpath: Empty or non-existent path 'C:\Users\Tyler\Google Drive\School\Research\Summer Research 2015\Bee Simulation\lib'.
WARN  [AWT-EventQueue-0] 2015-07-30 10:34:09,295 repast.simphony.scenario.ScenarioLoader - While initializing classpath: Empty or non-existent path 'C:\Users\Tyler\Google Drive\School\Research\Summer Research 2015\Bee Simulation\lib'.
WARN  [AWT-EventQueue-0] 2015-07-30 10:36:18,296 repast.simphony.scenario.ScenarioCPInitializer - Warning while parsing classpath: Empty or non-existent path 'C:\Users\Tyler\Google Drive\School\Research\Summer Research 2015\Bee Simulation\lib'.
WARN  [AWT-EventQueue-0] 2015-07-30 10:36:18,382 repast.simphony.scenario.ScenarioLoader - While initializing classpath: Empty or non-existent path 'C:\Users\Tyler\Google Drive\School\Research\Summer Research 2015\Bee Simulation\lib'.
WARN  [AWT-EventQueue-0] 2015-07-30 10:38:49,729 repast.simphony.scenario.ScenarioCPInitializer - Warning while parsing classpath: Empty or non-existent path 'C:\Users\Tyler\Google Drive\School\Research\Summer Research 2015\Bee Simulation\lib'.
WARN  [AWT-EventQueue-0] 2015-07-30 10:38:49,820 repast.simphony.scenario.ScenarioLoader - While initializing classpath: Empty or non-existent path 'C:\Users\Tyler\Google Drive\School\Research\Summer Research 2015\Bee Simulation\lib'.
WARN  [AWT-EventQueue-0] 2015-07-30 10:49:33,191 repast.simphony.scenario.ScenarioCPInitializer - Warning while parsing classpath: Empty or non-existent path 'C:\Users\Tyler\Google Drive\School\Research\Summer Research 2015\Bee Simulation\lib'.
WARN  [AWT-EventQueue-0] 2015-07-30 10:49:33,317 repast.simphony.scenario.ScenarioLoader - While initializing classpath: Empty or non-existent path 'C:\Users\Tyler\Google Drive\School\Research\Summer Research 2015\Bee Simulation\lib'.
WARN  [AWT-EventQueue-0] 2015-07-30 11:06:26,521 repast.simphony.scenario.ScenarioCPInitializer - Warning while parsing classpath: Empty or non-existent path 'C:\Users\Tyler\Google Drive\School\Research\Summer Research 2015\Bee Simulation\lib'.
WARN  [AWT-EventQueue-0] 2015-07-30 11:06:26,624 repast.simphony.scenario.ScenarioLoader - While initializing classpath: Empty or non-existent path 'C:\Users\Tyler\Google Drive\School\Research\Summer Research 2015\Bee Simulation\lib'.
ERROR [AWT-EventQueue-0] 2015-07-30 11:19:03,053 repast.simphony.ui.RSApplication - Error while initializing simulation
java.lang.IndexOutOfBoundsException: Index: 4, Size: 1
	at java.util.ArrayList.rangeCheck(Unknown Source)
	at java.util.ArrayList.get(Unknown Source)
	at beeSim_V3.SimBuilder.build(SimBuilder.java:142)
	at repast.simphony.dataLoader.engine.ClassNameContextBuilder.build(ClassNameContextBuilder.java:41)
	at repast.simphony.dataLoader.engine.DataLoaderControllerAction.runInitialize(DataLoaderControllerAction.java:48)
	at repast.simphony.engine.controller.DefaultController$2.visit(DefaultController.java:214)
	at repast.simphony.engine.controller.DefaultController$2.visit(DefaultController.java:1)
	at repast.simphony.util.collections.NaryTree.preOrderTraverals(NaryTree.java:292)
	at repast.simphony.util.collections.NaryTree.preOrderTraverals(NaryTree.java:295)
	at repast.simphony.util.collections.NaryTree.preOrderTraverals(NaryTree.java:295)
	at repast.simphony.util.collections.NaryTree.preOrderTraversal(NaryTree.java:288)
	at repast.simphony.engine.controller.DefaultController.runInitialize(DefaultController.java:212)
	at repast.simphony.engine.controller.DefaultController.runInitialize(DefaultController.java:383)
	at repast.simphony.ui.RSApplication.initSim(RSApplication.java:157)
	at repast.simphony.ui.action.InitRun.actionPerformed(InitRun.java:17)
	at javax.swing.AbstractButton.fireActionPerformed(Unknown Source)
	at javax.swing.AbstractButton$Handler.actionPerformed(Unknown Source)
	at javax.swing.DefaultButtonModel.fireActionPerformed(Unknown Source)
	at javax.swing.DefaultButtonModel.setPressed(Unknown Source)
	at javax.swing.plaf.basic.BasicButtonListener.mouseReleased(Unknown Source)
	at java.awt.AWTEventMulticaster.mouseReleased(Unknown Source)
	at java.awt.Component.processMouseEvent(Unknown Source)
	at javax.swing.JComponent.processMouseEvent(Unknown Source)
	at java.awt.Component.processEvent(Unknown Source)
	at java.awt.Container.processEvent(Unknown Source)
	at java.awt.Component.dispatchEventImpl(Unknown Source)
	at java.awt.Container.dispatchEventImpl(Unknown Source)
	at java.awt.Component.dispatchEvent(Unknown Source)
	at java.awt.LightweightDispatcher.retargetMouseEvent(Unknown Source)
	at java.awt.LightweightDispatcher.processMouseEvent(Unknown Source)
	at java.awt.LightweightDispatcher.dispatchEvent(Unknown Source)
	at java.awt.Container.dispatchEventImpl(Unknown Source)
	at java.awt.Window.dispatchEventImpl(Unknown Source)
	at java.awt.Component.dispatchEvent(Unknown Source)
	at java.awt.EventQueue.dispatchEventImpl(Unknown Source)
	at java.awt.EventQueue.access$500(Unknown Source)
	at java.awt.EventQueue$3.run(Unknown Source)
	at java.awt.EventQueue$3.run(Unknown Source)
	at java.security.AccessController.doPrivileged(Native Method)
	at java.security.ProtectionDomain$1.doIntersectionPrivilege(Unknown Source)
	at java.security.ProtectionDomain$1.doIntersectionPrivilege(Unknown Source)
	at java.awt.EventQueue$4.run(Unknown Source)
	at java.awt.EventQueue$4.run(Unknown Source)
	at java.security.AccessController.doPrivileged(Native Method)
	at java.security.ProtectionDomain$1.doIntersectionPrivilege(Unknown Source)
	at java.awt.EventQueue.dispatchEvent(Unknown Source)
	at java.awt.EventDispatchThread.pumpOneEventForFilters(Unknown Source)
	at java.awt.EventDispatchThread.pumpEventsForFilter(Unknown Source)
	at java.awt.EventDispatchThread.pumpEventsForHierarchy(Unknown Source)
	at java.awt.EventDispatchThread.pumpEvents(Unknown Source)
	at java.awt.EventDispatchThread.pumpEvents(Unknown Source)
	at java.awt.EventDispatchThread.run(Unknown Source)
WARN  [AWT-EventQueue-0] 2015-07-30 11:20:13,578 repast.simphony.scenario.ScenarioCPInitializer - Warning while parsing classpath: Empty or non-existent path 'C:\Users\Tyler\Google Drive\School\Research\Summer Research 2015\Bee Simulation\lib'.
WARN  [AWT-EventQueue-0] 2015-07-30 11:20:13,679 repast.simphony.scenario.ScenarioLoader - While initializing classpath: Empty or non-existent path 'C:\Users\Tyler\Google Drive\School\Research\Summer Research 2015\Bee Simulation\lib'.
WARN  [AWT-EventQueue-0] 2015-07-30 16:08:39,581 repast.simphony.scenario.ScenarioCPInitializer - Warning while parsing classpath: Empty or non-existent path 'C:\Users\Tyler\Google Drive\School\Research\Summer Research 2015\Bee Simulation\lib'.
WARN  [AWT-EventQueue-0] 2015-07-30 16:08:39,731 repast.simphony.scenario.ScenarioLoader - While initializing classpath: Empty or non-existent path 'C:\Users\Tyler\Google Drive\School\Research\Summer Research 2015\Bee Simulation\lib'.
WARN  [AWT-EventQueue-0] 2015-07-30 16:10:16,389 repast.simphony.scenario.ScenarioCPInitializer - Warning while parsing classpath: Empty or non-existent path 'C:\Users\Tyler\Google Drive\School\Research\Summer Research 2015\Bee Simulation\lib'.
WARN  [AWT-EventQueue-0] 2015-07-30 16:10:16,481 repast.simphony.scenario.ScenarioLoader - While initializing classpath: Empty or non-existent path 'C:\Users\Tyler\Google Drive\School\Research\Summer Research 2015\Bee Simulation\lib'.
WARN  [AWT-EventQueue-0] 2015-07-30 16:14:02,727 repast.simphony.scenario.ScenarioCPInitializer - Warning while parsing classpath: Empty or non-existent path 'C:\Users\Tyler\Google Drive\School\Research\Summer Research 2015\Bee Simulation\lib'.
WARN  [AWT-EventQueue-0] 2015-07-30 16:14:02,841 repast.simphony.scenario.ScenarioLoader - While initializing classpath: Empty or non-existent path 'C:\Users\Tyler\Google Drive\School\Research\Summer Research 2015\Bee Simulation\lib'.
WARN  [AWT-EventQueue-0] 2015-07-30 16:14:56,326 repast.simphony.scenario.ScenarioCPInitializer - Warning while parsing classpath: Empty or non-existent path 'C:\Users\Tyler\Google Drive\School\Research\Summer Research 2015\Bee Simulation\lib'.
WARN  [AWT-EventQueue-0] 2015-07-30 16:14:56,435 repast.simphony.scenario.ScenarioLoader - While initializing classpath: Empty or non-existent path 'C:\Users\Tyler\Google Drive\School\Research\Summer Research 2015\Bee Simulation\lib'.
WARN  [AWT-EventQueue-0] 2015-07-30 16:37:24,629 repast.simphony.scenario.ScenarioCPInitializer - Warning while parsing classpath: Empty or non-existent path 'C:\Users\Tyler\Google Drive\School\Research\Summer Research 2015\Bee Simulation\lib'.
WARN  [AWT-EventQueue-0] 2015-07-30 16:37:24,763 repast.simphony.scenario.ScenarioLoader - While initializing classpath: Empty or non-existent path 'C:\Users\Tyler\Google Drive\School\Research\Summer Research 2015\Bee Simulation\lib'.
ERROR [AWT-EventQueue-0] 2015-07-30 16:37:28,692 repast.simphony.ui.RSApplication - Error while initializing simulation
repast.simphony.parameter.IllegalParameterException: Parameter 'timeRate' not found in the schema.
	at repast.simphony.parameter.DefaultParameters.getValue(DefaultParameters.java:213)
	at beeSim_V3.SimBuilder.build(SimBuilder.java:50)
	at repast.simphony.dataLoader.engine.ClassNameContextBuilder.build(ClassNameContextBuilder.java:41)
	at repast.simphony.dataLoader.engine.DataLoaderControllerAction.runInitialize(DataLoaderControllerAction.java:48)
	at repast.simphony.engine.controller.DefaultController$2.visit(DefaultController.java:214)
	at repast.simphony.engine.controller.DefaultController$2.visit(DefaultController.java:1)
	at repast.simphony.util.collections.NaryTree.preOrderTraverals(NaryTree.java:292)
	at repast.simphony.util.collections.NaryTree.preOrderTraverals(NaryTree.java:295)
	at repast.simphony.util.collections.NaryTree.preOrderTraverals(NaryTree.java:295)
	at repast.simphony.util.collections.NaryTree.preOrderTraversal(NaryTree.java:288)
	at repast.simphony.engine.controller.DefaultController.runInitialize(DefaultController.java:212)
	at repast.simphony.engine.controller.DefaultController.runInitialize(DefaultController.java:383)
	at repast.simphony.ui.RSApplication.initSim(RSApplication.java:157)
	at repast.simphony.ui.action.InitRun.actionPerformed(InitRun.java:17)
	at javax.swing.AbstractButton.fireActionPerformed(Unknown Source)
	at javax.swing.AbstractButton$Handler.actionPerformed(Unknown Source)
	at javax.swing.DefaultButtonModel.fireActionPerformed(Unknown Source)
	at javax.swing.DefaultButtonModel.setPressed(Unknown Source)
	at javax.swing.plaf.basic.BasicButtonListener.mouseReleased(Unknown Source)
	at java.awt.AWTEventMulticaster.mouseReleased(Unknown Source)
	at java.awt.Component.processMouseEvent(Unknown Source)
	at javax.swing.JComponent.processMouseEvent(Unknown Source)
	at java.awt.Component.processEvent(Unknown Source)
	at java.awt.Container.processEvent(Unknown Source)
	at java.awt.Component.dispatchEventImpl(Unknown Source)
	at java.awt.Container.dispatchEventImpl(Unknown Source)
	at java.awt.Component.dispatchEvent(Unknown Source)
	at java.awt.LightweightDispatcher.retargetMouseEvent(Unknown Source)
	at java.awt.LightweightDispatcher.processMouseEvent(Unknown Source)
	at java.awt.LightweightDispatcher.dispatchEvent(Unknown Source)
	at java.awt.Container.dispatchEventImpl(Unknown Source)
	at java.awt.Window.dispatchEventImpl(Unknown Source)
	at java.awt.Component.dispatchEvent(Unknown Source)
	at java.awt.EventQueue.dispatchEventImpl(Unknown Source)
	at java.awt.EventQueue.access$500(Unknown Source)
	at java.awt.EventQueue$3.run(Unknown Source)
	at java.awt.EventQueue$3.run(Unknown Source)
	at java.security.AccessController.doPrivileged(Native Method)
	at java.security.ProtectionDomain$1.doIntersectionPrivilege(Unknown Source)
	at java.security.ProtectionDomain$1.doIntersectionPrivilege(Unknown Source)
	at java.awt.EventQueue$4.run(Unknown Source)
	at java.awt.EventQueue$4.run(Unknown Source)
	at java.security.AccessController.doPrivileged(Native Method)
	at java.security.ProtectionDomain$1.doIntersectionPrivilege(Unknown Source)
	at java.awt.EventQueue.dispatchEvent(Unknown Source)
	at java.awt.EventDispatchThread.pumpOneEventForFilters(Unknown Source)
	at java.awt.EventDispatchThread.pumpEventsForFilter(Unknown Source)
	at java.awt.EventDispatchThread.pumpEventsForHierarchy(Unknown Source)
	at java.awt.EventDispatchThread.pumpEvents(Unknown Source)
	at java.awt.EventDispatchThread.pumpEvents(Unknown Source)
	at java.awt.EventDispatchThread.run(Unknown Source)
WARN  [AWT-EventQueue-0] 2015-07-30 16:38:08,124 repast.simphony.scenario.ScenarioCPInitializer - Warning while parsing classpath: Empty or non-existent path 'C:\Users\Tyler\Google Drive\School\Research\Summer Research 2015\Bee Simulation\lib'.
WARN  [AWT-EventQueue-0] 2015-07-30 16:38:08,246 repast.simphony.scenario.ScenarioLoader - While initializing classpath: Empty or non-existent path 'C:\Users\Tyler\Google Drive\School\Research\Summer Research 2015\Bee Simulation\lib'.
WARN  [AWT-EventQueue-0] 2015-07-30 16:40:09,854 repast.simphony.scenario.ScenarioCPInitializer - Warning while parsing classpath: Empty or non-existent path 'C:\Users\Tyler\Google Drive\School\Research\Summer Research 2015\Bee Simulation\lib'.
WARN  [AWT-EventQueue-0] 2015-07-30 16:40:09,997 repast.simphony.scenario.ScenarioLoader - While initializing classpath: Empty or non-existent path 'C:\Users\Tyler\Google Drive\School\Research\Summer Research 2015\Bee Simulation\lib'.
WARN  [AWT-EventQueue-0] 2015-07-31 11:52:41,906 repast.simphony.scenario.ScenarioCPInitializer - Warning while parsing classpath: Empty or non-existent path 'C:\Users\Tyler\Google Drive\School\Research\Summer Research 2015\Bee Simulation\lib'.
WARN  [AWT-EventQueue-0] 2015-07-31 11:52:42,066 repast.simphony.scenario.ScenarioLoader - While initializing classpath: Empty or non-existent path 'C:\Users\Tyler\Google Drive\School\Research\Summer Research 2015\Bee Simulation\lib'.
WARN  [AWT-EventQueue-0] 2015-08-03 09:32:09,067 repast.simphony.scenario.ScenarioCPInitializer - Warning while parsing classpath: Empty or non-existent path 'C:\Users\Tyler\Google Drive\School\Research\Summer Research 2015\Bee Simulation\lib'.
WARN  [AWT-EventQueue-0] 2015-08-03 09:32:09,235 repast.simphony.scenario.ScenarioLoader - While initializing classpath: Empty or non-existent path 'C:\Users\Tyler\Google Drive\School\Research\Summer Research 2015\Bee Simulation\lib'.
WARN  [AWT-EventQueue-0] 2015-08-03 11:39:30,627 repast.simphony.scenario.ScenarioCPInitializer - Warning while parsing classpath: Empty or non-existent path 'C:\Users\Tyler\Google Drive\School\Research\Summer Research 2015\Bee Simulation\lib'.
WARN  [AWT-EventQueue-0] 2015-08-03 11:39:30,853 repast.simphony.scenario.ScenarioLoader - While initializing classpath: Empty or non-existent path 'C:\Users\Tyler\Google Drive\School\Research\Summer Research 2015\Bee Simulation\lib'.
WARN  [AWT-EventQueue-0] 2015-08-03 11:44:24,151 repast.simphony.scenario.ScenarioCPInitializer - Warning while parsing classpath: Empty or non-existent path 'C:\Users\Tyler\Google Drive\School\Research\Summer Research 2015\Bee Simulation\lib'.
WARN  [AWT-EventQueue-0] 2015-08-03 11:44:24,241 repast.simphony.scenario.ScenarioLoader - While initializing classpath: Empty or non-existent path 'C:\Users\Tyler\Google Drive\School\Research\Summer Research 2015\Bee Simulation\lib'.
WARN  [AWT-EventQueue-0] 2015-08-03 11:45:48,741 repast.simphony.scenario.ScenarioCPInitializer - Warning while parsing classpath: Empty or non-existent path 'C:\Users\Tyler\Google Drive\School\Research\Summer Research 2015\Bee Simulation\lib'.
WARN  [AWT-EventQueue-0] 2015-08-03 11:45:48,849 repast.simphony.scenario.ScenarioLoader - While initializing classpath: Empty or non-existent path 'C:\Users\Tyler\Google Drive\School\Research\Summer Research 2015\Bee Simulation\lib'.
WARN  [AWT-EventQueue-0] 2015-08-03 11:47:19,447 repast.simphony.scenario.ScenarioCPInitializer - Warning while parsing classpath: Empty or non-existent path 'C:\Users\Tyler\Google Drive\School\Research\Summer Research 2015\Bee Simulation\lib'.
WARN  [AWT-EventQueue-0] 2015-08-03 11:47:19,532 repast.simphony.scenario.ScenarioLoader - While initializing classpath: Empty or non-existent path 'C:\Users\Tyler\Google Drive\School\Research\Summer Research 2015\Bee Simulation\lib'.
WARN  [AWT-EventQueue-0] 2015-08-03 11:52:58,771 repast.simphony.scenario.ScenarioCPInitializer - Warning while parsing classpath: Empty or non-existent path 'C:\Users\Tyler\Google Drive\School\Research\Summer Research 2015\Bee Simulation\lib'.
WARN  [AWT-EventQueue-0] 2015-08-03 11:52:58,895 repast.simphony.scenario.ScenarioLoader - While initializing classpath: Empty or non-existent path 'C:\Users\Tyler\Google Drive\School\Research\Summer Research 2015\Bee Simulation\lib'.
WARN  [AWT-EventQueue-0] 2015-08-03 16:00:40,613 repast.simphony.scenario.ScenarioCPInitializer - Warning while parsing classpath: Empty or non-existent path 'C:\Users\Tyler\Google Drive\School\Research\Summer Research 2015\Bee Simulation\lib'.
WARN  [AWT-EventQueue-0] 2015-08-03 16:00:40,907 repast.simphony.scenario.ScenarioLoader - While initializing classpath: Empty or non-existent path 'C:\Users\Tyler\Google Drive\School\Research\Summer Research 2015\Bee Simulation\lib'.
WARN  [AWT-EventQueue-0] 2015-08-03 16:00:42,418 repast.simphony.scenario.ScenarioCPInitializer - Warning while parsing classpath: Empty or non-existent path 'C:\Users\Tyler\Google Drive\School\Research\Summer Research 2015\Bee Simulation\lib'.
WARN  [AWT-EventQueue-0] 2015-08-03 16:00:42,667 repast.simphony.scenario.ScenarioLoader - While initializing classpath: Empty or non-existent path 'C:\Users\Tyler\Google Drive\School\Research\Summer Research 2015\Bee Simulation\lib'.
WARN  [AWT-EventQueue-0] 2015-08-03 16:08:22,360 repast.simphony.scenario.ScenarioCPInitializer - Warning while parsing classpath: Empty or non-existent path 'C:\Users\Tyler\Google Drive\School\Research\Summer Research 2015\Bee Simulation\lib'.
WARN  [AWT-EventQueue-0] 2015-08-03 16:08:22,528 repast.simphony.scenario.ScenarioLoader - While initializing classpath: Empty or non-existent path 'C:\Users\Tyler\Google Drive\School\Research\Summer Research 2015\Bee Simulation\lib'.
WARN  [AWT-EventQueue-0] 2015-08-03 16:11:23,294 repast.simphony.scenario.ScenarioCPInitializer - Warning while parsing classpath: Empty or non-existent path 'C:\Users\Tyler\Google Drive\School\Research\Summer Research 2015\Bee Simulation\lib'.
WARN  [AWT-EventQueue-0] 2015-08-03 16:11:23,451 repast.simphony.scenario.ScenarioLoader - While initializing classpath: Empty or non-existent path 'C:\Users\Tyler\Google Drive\School\Research\Summer Research 2015\Bee Simulation\lib'.
WARN  [AWT-EventQueue-0] 2015-08-03 16:12:16,047 repast.simphony.scenario.ScenarioCPInitializer - Warning while parsing classpath: Empty or non-existent path 'C:\Users\Tyler\Google Drive\School\Research\Summer Research 2015\Bee Simulation\lib'.
WARN  [AWT-EventQueue-0] 2015-08-03 16:12:16,146 repast.simphony.scenario.ScenarioLoader - While initializing classpath: Empty or non-existent path 'C:\Users\Tyler\Google Drive\School\Research\Summer Research 2015\Bee Simulation\lib'.
WARN  [AWT-EventQueue-0] 2015-08-04 09:57:30,109 repast.simphony.scenario.ScenarioCPInitializer - Warning while parsing classpath: Empty or non-existent path 'C:\Users\Tyler\Google Drive\School\Research\Summer Research 2015\Bee Simulation\lib'.
WARN  [AWT-EventQueue-0] 2015-08-04 09:57:30,284 repast.simphony.scenario.ScenarioLoader - While initializing classpath: Empty or non-existent path 'C:\Users\Tyler\Google Drive\School\Research\Summer Research 2015\Bee Simulation\lib'.
WARN  [AWT-EventQueue-0] 2015-08-04 10:43:27,479 repast.simphony.scenario.ScenarioCPInitializer - Warning while parsing classpath: Empty or non-existent path 'C:\Users\Tyler\Google Drive\School\Research\Summer Research 2015\Bee Simulation\lib'.
WARN  [AWT-EventQueue-0] 2015-08-04 10:43:27,727 repast.simphony.scenario.ScenarioLoader - While initializing classpath: Empty or non-existent path 'C:\Users\Tyler\Google Drive\School\Research\Summer Research 2015\Bee Simulation\lib'.
WARN  [AWT-EventQueue-0] 2015-08-04 13:35:42,952 repast.simphony.scenario.ScenarioCPInitializer - Warning while parsing classpath: Empty or non-existent path 'C:\Users\Tyler\Google Drive\School\Research\Summer Research 2015\Bee Simulation\lib'.
WARN  [AWT-EventQueue-0] 2015-08-04 13:35:43,273 repast.simphony.scenario.ScenarioLoader - While initializing classpath: Empty or non-existent path 'C:\Users\Tyler\Google Drive\School\Research\Summer Research 2015\Bee Simulation\lib'.
