#
# A fatal error has been detected by the Java Runtime Environment:
#
#  EXCEPTION_ACCESS_VIOLATION (0xc0000005) at pc=0x00000000038987f4, pid=3408, tid=7052
#
# JRE version: Java(TM) SE Runtime Environment (8.0_45-b15) (build 1.8.0_45-b15)
# Java VM: Java HotSpot(TM) 64-Bit Server VM (25.45-b02 mixed mode windows-amd64 compressed oops)
# Problematic frame:
# J 3740 C2 sun.awt.SunToolkit.getAppContext(Ljava/lang/Object;)Lsun/awt/AppContext; (42 bytes) @ 0x00000000038987f4 [0x00000000038987e0+0x14]
#
# Failed to write core dump. Minidumps are not enabled by default on client versions of Windows
#
# If you would like to submit a bug report, please visit:
#   http://bugreport.java.com/bugreport/crash.jsp
#

---------------  T H R E A D  ---------------

Current thread (0x000000001a1cc800):  JavaThread "AWT-EventQueue-0" [_thread_in_Java, id=7052, stack(0x000000001e450000,0x000000001ee50000)]

siginfo: ExceptionCode=0xc0000005, reading address 0x0000000000000030

Registers:
RAX=0x0000000013e88a58, RBX=0x00000000000055b7, RCX=0x0000000022ac7738, RDX=0x000000002000074f
RSP=0x000000001ee497f0, RBP=0x000000001ee498e0, RSI=0x000000002000074f, RDI=0x0000000000000108
R8 =0x00000000e7179cf8, R9 =0x00000000e72065b8, R10=0x0000000000000000, R11=0x0000000003908b60
R12=0x0000000000000000, R13=0x000000001ee49898, R14=0x000000001ee498f0, R15=0x000000001a1cc800
RIP=0x00000000038987f4, EFLAGS=0x0000000000010246

Top of Stack: (sp=0x000000001ee497f0)
0x000000001ee497f0:   0000000000000000 0000000100000001
0x000000001ee49800:   0000000000000019 000000000395c13c
0x000000001ee49810:   000000001ee498e0 0000000003908bfc
0x000000001ee49820:   0000000022a94f58 0000001000000010
0x000000001ee49830:   00000000e72065b8 00000000e7179330
0x000000001ee49840:   00000000e7179330 00000000e71792f8
0x000000001ee49850:   000000002000074f 000000005456b4d0
0x000000001ee49860:   000000001ee49948 000000000404a07c
0x000000001ee49870:   0000000000000019 000000005456b4d0
0x000000001ee49880:   000000001ee498e0 0000000003237a70
0x000000001ee49890:   0000000003237a70 000000002000074f
0x000000001ee498a0:   000000001ee498a0 00000000222ceb7d
0x000000001ee498b0:   000000001ee498f0 0000000022ac7738
0x000000001ee498c0:   0000000022afaeb0 00000000222ceb90
0x000000001ee498d0:   000000001ee49898 000000001ee498f0
0x000000001ee498e0:   000000001ee49948 0000000003237a70 

Instructions: (pc=0x00000000038987f4)
0x00000000038987d4:   8d c0 19 c0 1c c0 12 c0 19 c0 1c c0 89 84 24 00
0x00000000038987e4:   a0 ff ff 55 48 83 ec 20 44 8b 52 08 49 c1 e2 03
0x00000000038987f4:   4d 8b 52 30 49 bb f0 83 0b 00 01 00 00 00 4d 3b
0x0000000003898804:   d3 75 2e 49 ba 50 71 1a e7 00 00 00 00 41 8b 6a 


Register to memory mapping:

RAX={method} {0x0000000013e88a60} 'targetToAppContext' '(Ljava/lang/Object;)Lsun/awt/AppContext;' in 'sun/awt/SunToolkit'
RBX=0x00000000000055b7 is an unknown value
RCX=0x0000000022ac7738 is pointing into metadata
RDX=0x000000002000074f is an unknown value
RSP=0x000000001ee497f0 is pointing into the stack for thread: 0x000000001a1cc800
RBP=0x000000001ee498e0 is pointing into the stack for thread: 0x000000001a1cc800
RSI=0x000000002000074f is an unknown value
RDI=0x0000000000000108 is an unknown value
R8 =0x00000000e7179cf8 is an oop
sun.awt.MostRecentKeyValue 
 - klass: 'sun/awt/MostRecentKeyValue'
R9 =0x00000000e72065b8 is an oop
java.lang.Class 
 - klass: 'java/lang/Class'
R10=0x0000000000000000 is an unknown value
R11=0x0000000003908b60 is at entry_point+0 in (nmethod*)0x00000000039089d0
R12=0x0000000000000000 is an unknown value
R13=0x000000001ee49898 is pointing into the stack for thread: 0x000000001a1cc800
R14=0x000000001ee498f0 is pointing into the stack for thread: 0x000000001a1cc800
R15=0x000000001a1cc800 is a thread


Stack: [0x000000001e450000,0x000000001ee50000],  sp=0x000000001ee497f0,  free space=10213k
Native frames: (J=compiled Java code, j=interpreted, Vv=VM code, C=native code)
C  0x00000000038987f4


---------------  P R O C E S S  ---------------

Java Threads: ( => current thread )
  0x000000001a1d1000 JavaThread "Thread-7" [_thread_blocked, id=4784, stack(0x00000000297d0000,0x000000002a1d0000)]
  0x000000001a1c8800 JavaThread "AWT-EventQueue-0-SharedResourceRunner" daemon [_thread_blocked, id=6828, stack(0x0000000023650000,0x0000000024050000)]
  0x000000001a1cd000 JavaThread "DestroyJavaVM" [_thread_blocked, id=4788, stack(0x0000000002730000,0x0000000003130000)]
  0x000000001a1cb000 JavaThread "TimerQueue" daemon [_thread_blocked, id=6388, stack(0x0000000020400000,0x0000000020e00000)]
=>0x000000001a1cc800 JavaThread "AWT-EventQueue-0" [_thread_in_Java, id=7052, stack(0x000000001e450000,0x000000001ee50000)]
  0x000000001a1c7000 JavaThread "AWT-Shutdown" [_thread_blocked, id=6184, stack(0x000000001c470000,0x000000001ce70000)]
  0x0000000018f83800 JavaThread "AWT-Windows" daemon [_thread_in_native, id=6976, stack(0x000000001ce70000,0x000000001d870000)]
  0x0000000018f82000 JavaThread "Java2D Disposer" daemon [_thread_blocked, id=3068, stack(0x000000001ba70000,0x000000001c470000)]
  0x0000000017df5800 JavaThread "Service Thread" daemon [_thread_blocked, id=6768, stack(0x00000000181d0000,0x0000000018bd0000)]
  0x0000000014176000 JavaThread "C1 CompilerThread2" daemon [_thread_blocked, id=5328, stack(0x0000000017cd0000,0x0000000017dd0000)]
  0x000000001416f800 JavaThread "C2 CompilerThread1" daemon [_thread_blocked, id=6156, stack(0x0000000017bd0000,0x0000000017cd0000)]
  0x000000001416d000 JavaThread "C2 CompilerThread0" daemon [_thread_blocked, id=7032, stack(0x0000000017ad0000,0x0000000017bd0000)]
  0x000000001416b800 JavaThread "Attach Listener" daemon [_thread_blocked, id=3356, stack(0x00000000170d0000,0x0000000017ad0000)]
  0x000000001416a000 JavaThread "Signal Dispatcher" daemon [_thread_blocked, id=4456, stack(0x00000000166d0000,0x00000000170d0000)]
  0x0000000003228000 JavaThread "Finalizer" daemon [_thread_blocked, id=5220, stack(0x0000000015cd0000,0x00000000166d0000)]
  0x000000000321f800 JavaThread "Reference Handler" daemon [_thread_blocked, id=5356, stack(0x00000000152d0000,0x0000000015cd0000)]

Other Threads:
  0x0000000014136800 VMThread [stack: 0x00000000151d0000,0x00000000152d0000] [id=5912]
  0x0000000017df6000 WatcherThread [stack: 0x0000000018bd0000,0x0000000018cd0000] [id=5988]

VM state:not at safepoint (normal execution)

VM Mutex/Monitor currently owned by a thread: None

Heap:
 PSYoungGen      total 79360K, used 30192K [0x00000000f7b00000, 0x00000000fe300000, 0x0000000100000000)
  eden space 77312K, 36% used [0x00000000f7b00000,0x00000000f96e9b48,0x00000000fc680000)
  from space 2048K, 78% used [0x00000000fe100000,0x00000000fe2924f8,0x00000000fe300000)
  to   space 3072K, 0% used [0x00000000fdd00000,0x00000000fdd00000,0x00000000fe000000)
 ParOldGen       total 85504K, used 57878K [0x00000000e7000000, 0x00000000ec380000, 0x00000000f7b00000)
  object space 85504K, 67% used [0x00000000e7000000,0x00000000ea885a00,0x00000000ec380000)
 Metaspace       used 39225K, capacity 39510K, committed 40064K, reserved 1085440K
  class space    used 4790K, capacity 4866K, committed 4992K, reserved 1048576K

Card table byte_map: [0x0000000002620000,0x00000000026f0000] byte_map_base: 0x0000000001ee8000

Marking Bits: (ParMarkBitMap*) 0x0000000054cb4040
 Begin Bits: [0x0000000012a80000, 0x00000000130c0000)
 End Bits:   [0x00000000130c0000, 0x0000000013700000)

Polling page: 0x00000000025f0000

CodeCache: size=245760Kb used=19007Kb max_used=19214Kb free=226752Kb
 bounds [0x0000000003230000, 0x0000000004570000, 0x0000000012230000]
 total_blobs=6475 nmethods=5459 adapters=925
 compilation: enabled

Compilation events (10 events):
Event: 107.532 Thread 0x0000000014176000 6885       3       info.clearthought.layout.TableLayout::calculateLayoutSize (167 bytes)
Event: 107.533 Thread 0x0000000014176000 nmethod 6885 0x0000000003c41d50 code [0x0000000003c41f80, 0x0000000003c42ab8]
Event: 107.904 Thread 0x000000001416f800 6886   !   4       repast.simphony.render.RendererManager::render (65 bytes)
Event: 107.910 Thread 0x000000001416d000 6887       4       repast.simphony.visualization.engine.DisplayComponentControllerAction$DisplayUpdater::execute (10 bytes)
Event: 107.913 Thread 0x000000001416f800 nmethod 6886 0x0000000003d2a110 code [0x0000000003d2a280, 0x0000000003d2a9c8]
Event: 107.913 Thread 0x000000001416f800 6888   !   4       beeSim_V3.Hive$$FastClassByCGLIB$$deb0def7::invoke (182 bytes)
Event: 107.916 Thread 0x000000001416f800 nmethod 6888 0x0000000003744c10 code [0x0000000003744e40, 0x0000000003745170]
Event: 108.177 Thread 0x000000001416d000 nmethod 6887 0x0000000003ede150 code [0x0000000003ede540, 0x0000000003ee1020]
Event: 108.535 Thread 0x0000000014176000 6889       3       repast.simphony.ui.widget.IconRotator::rotate (120 bytes)
Event: 108.536 Thread 0x0000000014176000 nmethod 6889 0x0000000003a50290 code [0x0000000003a50580, 0x0000000003a516a8]

GC Heap History (10 events):
Event: 94.734 GC heap before
{Heap before GC invocations=107 (full 3):
 PSYoungGen      total 95744K, used 92481K [0x00000000f7b00000, 0x00000000fe980000, 0x0000000100000000)
  eden space 91648K, 100% used [0x00000000f7b00000,0x00000000fd480000,0x00000000fd480000)
  from space 4096K, 20% used [0x00000000fe200000,0x00000000fe2d0480,0x00000000fe600000)
  to   space 3584K, 0% used [0x00000000fe600000,0x00000000fe600000,0x00000000fe980000)
 ParOldGen       total 85504K, used 57572K [0x00000000e7000000, 0x00000000ec380000, 0x00000000f7b00000)
  object space 85504K, 67% used [0x00000000e7000000,0x00000000ea839340,0x00000000ec380000)
 Metaspace       used 39205K, capacity 39510K, committed 40064K, reserved 1085440K
  class space    used 4789K, capacity 4866K, committed 4992K, reserved 1048576K
Event: 94.737 GC heap after
Heap after GC invocations=107 (full 3):
 PSYoungGen      total 89600K, used 672K [0x00000000f7b00000, 0x00000000fe700000, 0x0000000100000000)
  eden space 88576K, 0% used [0x00000000f7b00000,0x00000000f7b00000,0x00000000fd180000)
  from space 1024K, 65% used [0x00000000fe600000,0x00000000fe6a8000,0x00000000fe700000)
  to   space 3584K, 0% used [0x00000000fe000000,0x00000000fe000000,0x00000000fe380000)
 ParOldGen       total 85504K, used 57710K [0x00000000e7000000, 0x00000000ec380000, 0x00000000f7b00000)
  object space 85504K, 67% used [0x00000000e7000000,0x00000000ea85ba00,0x00000000ec380000)
 Metaspace       used 39205K, capacity 39510K, committed 40064K, reserved 1085440K
  class space    used 4789K, capacity 4866K, committed 4992K, reserved 1048576K
}
Event: 95.690 GC heap before
{Heap before GC invocations=108 (full 3):
 PSYoungGen      total 89600K, used 89248K [0x00000000f7b00000, 0x00000000fe700000, 0x0000000100000000)
  eden space 88576K, 100% used [0x00000000f7b00000,0x00000000fd180000,0x00000000fd180000)
  from space 1024K, 65% used [0x00000000fe600000,0x00000000fe6a8000,0x00000000fe700000)
  to   space 3584K, 0% used [0x00000000fe000000,0x00000000fe000000,0x00000000fe380000)
 ParOldGen       total 85504K, used 57710K [0x00000000e7000000, 0x00000000ec380000, 0x00000000f7b00000)
  object space 85504K, 67% used [0x00000000e7000000,0x00000000ea85ba00,0x00000000ec380000)
 Metaspace       used 39205K, capacity 39510K, committed 40064K, reserved 1085440K
  class space    used 4789K, capacity 4866K, committed 4992K, reserved 1048576K
Event: 95.693 GC heap after
Heap after GC invocations=108 (full 3):
 PSYoungGen      total 89088K, used 1001K [0x00000000f7b00000, 0x00000000fe680000, 0x0000000100000000)
  eden space 85504K, 0% used [0x00000000f7b00000,0x00000000f7b00000,0x00000000fce80000)
  from space 3584K, 27% used [0x00000000fe000000,0x00000000fe0fa4f8,0x00000000fe380000)
  to   space 3072K, 0% used [0x00000000fe380000,0x00000000fe380000,0x00000000fe680000)
 ParOldGen       total 85504K, used 57766K [0x00000000e7000000, 0x00000000ec380000, 0x00000000f7b00000)
  object space 85504K, 67% used [0x00000000e7000000,0x00000000ea869a00,0x00000000ec380000)
 Metaspace       used 39205K, capacity 39510K, committed 40064K, reserved 1085440K
  class space    used 4789K, capacity 4866K, committed 4992K, reserved 1048576K
}
Event: 96.821 GC heap before
{Heap before GC invocations=109 (full 3):
 PSYoungGen      total 89088K, used 86505K [0x00000000f7b00000, 0x00000000fe680000, 0x0000000100000000)
  eden space 85504K, 100% used [0x00000000f7b00000,0x00000000fce80000,0x00000000fce80000)
  from space 3584K, 27% used [0x00000000fe000000,0x00000000fe0fa4f8,0x00000000fe380000)
  to   space 3072K, 0% used [0x00000000fe380000,0x00000000fe380000,0x00000000fe680000)
 ParOldGen       total 85504K, used 57766K [0x00000000e7000000, 0x00000000ec380000, 0x00000000f7b00000)
  object space 85504K, 67% used [0x00000000e7000000,0x00000000ea869a00,0x00000000ec380000)
 Metaspace       used 39205K, capacity 39510K, committed 40064K, reserved 1085440K
  class space    used 4789K, capacity 4866K, committed 4992K, reserved 1048576K
Event: 96.823 GC heap after
Heap after GC invocations=109 (full 3):
 PSYoungGen      total 83456K, used 929K [0x00000000f7b00000, 0x00000000fe480000, 0x0000000100000000)
  eden space 82432K, 0% used [0x00000000f7b00000,0x00000000f7b00000,0x00000000fcb80000)
  from space 1024K, 90% used [0x00000000fe380000,0x00000000fe4686a0,0x00000000fe480000)
  to   space 3072K, 0% used [0x00000000fde80000,0x00000000fde80000,0x00000000fe180000)
 ParOldGen       total 85504K, used 57814K [0x00000000e7000000, 0x00000000ec380000, 0x00000000f7b00000)
  object space 85504K, 67% used [0x00000000e7000000,0x00000000ea875a00,0x00000000ec380000)
 Metaspace       used 39205K, capacity 39510K, committed 40064K, reserved 1085440K
  class space    used 4789K, capacity 4866K, committed 4992K, reserved 1048576K
}
Event: 98.112 GC heap before
{Heap before GC invocations=110 (full 3):
 PSYoungGen      total 83456K, used 83361K [0x00000000f7b00000, 0x00000000fe480000, 0x0000000100000000)
  eden space 82432K, 100% used [0x00000000f7b00000,0x00000000fcb80000,0x00000000fcb80000)
  from space 1024K, 90% used [0x00000000fe380000,0x00000000fe4686a0,0x00000000fe480000)
  to   space 3072K, 0% used [0x00000000fde80000,0x00000000fde80000,0x00000000fe180000)
 ParOldGen       total 85504K, used 57814K [0x00000000e7000000, 0x00000000ec380000, 0x00000000f7b00000)
  object space 85504K, 67% used [0x00000000e7000000,0x00000000ea875a00,0x00000000ec380000)
 Metaspace       used 39221K, capacity 39510K, committed 40064K, reserved 1085440K
  class space    used 4789K, capacity 4866K, committed 4992K, reserved 1048576K
Event: 98.115 GC heap after
Heap after GC invocations=110 (full 3):
 PSYoungGen      total 81408K, used 1025K [0x00000000f7b00000, 0x00000000fe400000, 0x0000000100000000)
  eden space 79872K, 0% used [0x00000000f7b00000,0x00000000f7b00000,0x00000000fc900000)
  from space 1536K, 66% used [0x00000000fde80000,0x00000000fdf806a0,0x00000000fe000000)
  to   space 3072K, 0% used [0x00000000fe100000,0x00000000fe100000,0x00000000fe400000)
 ParOldGen       total 85504K, used 57854K [0x00000000e7000000, 0x00000000ec380000, 0x00000000f7b00000)
  object space 85504K, 67% used [0x00000000e7000000,0x00000000ea87fa00,0x00000000ec380000)
 Metaspace       used 39221K, capacity 39510K, committed 40064K, reserved 1085440K
  class space    used 4789K, capacity 4866K, committed 4992K, reserved 1048576K
}
Event: 106.206 GC heap before
{Heap before GC invocations=111 (full 3):
 PSYoungGen      total 81408K, used 80897K [0x00000000f7b00000, 0x00000000fe400000, 0x0000000100000000)
  eden space 79872K, 100% used [0x00000000f7b00000,0x00000000fc900000,0x00000000fc900000)
  from space 1536K, 66% used [0x00000000fde80000,0x00000000fdf806a0,0x00000000fe000000)
  to   space 3072K, 0% used [0x00000000fe100000,0x00000000fe100000,0x00000000fe400000)
 ParOldGen       total 85504K, used 57854K [0x00000000e7000000, 0x00000000ec380000, 0x00000000f7b00000)
  object space 85504K, 67% used [0x00000000e7000000,0x00000000ea87fa00,0x00000000ec380000)
 Metaspace       used 39225K, capacity 39510K, committed 40064K, reserved 1085440K
  class space    used 4790K, capacity 4866K, committed 4992K, reserved 1048576K
Event: 106.210 GC heap after
Heap after GC invocations=111 (full 3):
 PSYoungGen      total 79360K, used 1609K [0x00000000f7b00000, 0x00000000fe300000, 0x0000000100000000)
  eden space 77312K, 0% used [0x00000000f7b00000,0x00000000f7b00000,0x00000000fc680000)
  from space 2048K, 78% used [0x00000000fe100000,0x00000000fe2924f8,0x00000000fe300000)
  to   space 3072K, 0% used [0x00000000fdd00000,0x00000000fdd00000,0x00000000fe000000)
 ParOldGen       total 85504K, used 57878K [0x00000000e7000000, 0x00000000ec380000, 0x00000000f7b00000)
  object space 85504K, 67% used [0x00000000e7000000,0x00000000ea885a00,0x00000000ec380000)
 Metaspace       used 39225K, capacity 39510K, committed 40064K, reserved 1085440K
  class space    used 4790K, capacity 4866K, committed 4992K, reserved 1048576K
}

Deoptimization events (10 events):
Event: 102.516 Thread 0x000000001a1d1000 Uncommon trap: reason=bimorphic action=maybe_recompile pc=0x0000000003e6d4ec method=java.util.HashMap.removeNode(ILjava/lang/Object;Ljava/lang/Object;ZZ)Ljava/util/HashMap$Node; @ 68
Event: 102.516 Thread 0x000000001a1d1000 Uncommon trap: reason=bimorphic action=maybe_recompile pc=0x0000000003e6d4ec method=java.util.HashMap.removeNode(ILjava/lang/Object;Ljava/lang/Object;ZZ)Ljava/util/HashMap$Node; @ 68
Event: 102.516 Thread 0x000000001a1d1000 Uncommon trap: reason=unstable_if action=reinterpret pc=0x000000000391f7ec method=java.io.ExpiringCache.entryFor(Ljava/lang/String;)Ljava/io/ExpiringCache$Entry; @ 39
Event: 102.517 Thread 0x000000001a1d1000 Uncommon trap: reason=bimorphic action=maybe_recompile pc=0x0000000003e6d4ec method=java.util.HashMap.removeNode(ILjava/lang/Object;Ljava/lang/Object;ZZ)Ljava/util/HashMap$Node; @ 68
Event: 102.518 Thread 0x000000001a1d1000 Uncommon trap: reason=unstable_if action=reinterpret pc=0x0000000004348a2c method=repast.simphony.space.continuous.AbstractContinuousSpace.doMove(Ljava/lang/Object;[D[D)Z @ 126
Event: 102.518 Thread 0x000000001a1d1000 Uncommon trap: reason=unstable_if action=reinterpret pc=0x0000000003e3f620 method=repast.simphony.visualization.AbstractDisplay.projectionEventOccurred(Lrepast/simphony/space/projection/ProjectionEvent;)V @ 7
Event: 102.519 Thread 0x000000001a1d1000 Uncommon trap: reason=unstable_if action=reinterpret pc=0x0000000003eb0374 method=repast.simphony.space.grid.AbstractGrid.doMove(Ljava/lang/Object;[ILrepast/simphony/space/grid/AbstractGrid$PointHolder;)Lrepast/simphony/space/grid/GridPoint; @ 33
Event: 102.519 Thread 0x000000001a1d1000 Uncommon trap: reason=unstable_if action=reinterpret pc=0x000000000431c534 method=repast.simphony.visualizationOGL2D.StyledDisplayLayerOGL2D.processAdded(Lrepast/simphony/visualization/LayoutUpdater;)V @ 119
Event: 109.353 Thread 0x000000001a1d1000 Uncommon trap: reason=unstable_if action=reinterpret pc=0x00000000043468a0 method=beeSim_V3.Clock.update()V @ 8
Event: 109.828 Thread 0x000000001a1cc800 Uncommon trap: reason=class_check action=maybe_recompile pc=0x0000000003da4140 method=java.awt.EventQueue.dispatchEventImpl(Ljava/awt/AWTEvent;Ljava/lang/Object;)V @ 18

Internal exceptions (10 events):
Event: 8.586 Thread 0x000000001a1cc800 Exception <a 'java/lang/ClassNotFoundException': repast/simphony/ui/parameters/ParameterValueModelCustomizer> (0x00000000fc61cb40) thrown at [C:\re\workspace\8-2-build-windows-amd64-cygwin\jdk8u45\3627\hotspot\src\share\vm\classfile\systemDictionary.cpp, lÂF;’í¼6@
Event: 22.738 Thread 0x000000001a1cc800 Exception <a 'java/lang/InterruptedException'> (0x00000000f88fffe0) thrown at [C:\re\workspace\8-2-build-windows-amd64-cygwin\jdk8u45\3627\hotspot\src\share\vm\runtime\objectMonitor.cpp, line 1683]
Event: 23.421 Thread 0x000000001a1cc800 Exception <a 'java/lang/reflect/InvocationTargetException'> (0x00000000fd4fa328) thrown at [C:\re\workspace\8-2-build-windows-amd64-cygwin\jdk8u45\3627\hotspot\src\share\vm\runtime\reflection.cpp, line 1080]
Event: 23.535 Thread 0x000000001a1cc800 Exception <a 'java/lang/reflect/InvocationTargetException'> (0x00000000f847f648) thrown at [C:\re\workspace\8-2-build-windows-amd64-cygwin\jdk8u45\3627\hotspot\src\share\vm\runtime\reflection.cpp, line 1080]
Event: 23.867 Thread 0x000000001a1cc800 Implicit null exception at 0x0000000003d667f6 to 0x0000000003d66e0d
Event: 31.732 Thread 0x000000001a1cc800 Implicit null exception at 0x00000000040a80d5 to 0x00000000040a8211
Event: 44.858 Thread 0x000000001a1cc800 Implicit null exception at 0x00000000043ca20d to 0x00000000043ca6a5
Event: 102.518 Thread 0x000000001a1d1000 Implicit null exception at 0x0000000004347bd2 to 0x0000000004348a09
Event: 102.519 Thread 0x000000001a1d1000 Implicit null exception at 0x0000000003eaead2 to 0x0000000003eb0359
Event: 109.828 Thread 0x000000001a1cc800 Implicit null exception at 0x00000000038987f4 to 0x0000000000000000

Events (10 events):
Event: 108.178 Thread 0x000000001416d000 flushing nmethod 0x0000000003ec4250
Event: 108.178 Thread 0x000000001416d000 flushing nmethod 0x0000000003f272d0
Event: 108.537 Thread 0x0000000014176000 flushing nmethod 0x0000000004004ed0
Event: 108.537 Thread 0x0000000014176000 flushing nmethod 0x000000000404ad10
Event: 109.353 Thread 0x000000001a1d1000 Uncommon trap: trap_request=0xffffff65 fr.pc=0x00000000043468a0
Event: 109.353 Thread 0x000000001a1d1000 DEOPT PACKING pc=0x00000000043468a0 sp=0x000000002a1cf0e0
Event: 109.353 Thread 0x000000001a1d1000 DEOPT UNPACKING pc=0x000000000327582a sp=0x000000002a1cf018 mode 2
Event: 109.828 Thread 0x000000001a1cc800 Uncommon trap: trap_request=0xffffffde fr.pc=0x0000000003da4140
Event: 109.828 Thread 0x000000001a1cc800 DEOPT PACKING pc=0x0000000003da4140 sp=0x000000001ee4d670
Event: 109.828 Thread 0x000000001a1cc800 DEOPT UNPACKING pc=0x000000000327582a sp=0x000000001ee4d540 mode 2


Dynamic libraries:
0x00007ff6e58b0000 - 0x00007ff6e58e7000 	C:\Program Files\Java\jre1.8.0_45\bin\javaw.exe
0x00007ffd068a0000 - 0x00007ffd06a4c000 	C:\Windows\SYSTEM32\ntdll.dll
0x00007ffd04a80000 - 0x00007ffd04bbe000 	C:\Windows\system32\KERNEL32.DLL
0x00007ffd03c30000 - 0x00007ffd03d45000 	C:\Windows\system32\KERNELBASE.dll
0x00007ffd02340000 - 0x00007ffd023ce000 	C:\Windows\system32\apphelp.dll
0x00007ffcfe9f0000 - 0x00007ffcfea43000 	C:\Windows\AppPatch\AppPatch64\AcGenral.DLL
0x00007ffd04910000 - 0x00007ffd049ba000 	C:\Windows\system32\msvcrt.dll
0x00007ffd03830000 - 0x00007ffd0385e000 	C:\Windows\SYSTEM32\SspiCli.dll
0x00007ffd03f30000 - 0x00007ffd03f84000 	C:\Windows\system32\SHLWAPI.dll
0x00007ffd06140000 - 0x00007ffd062b7000 	C:\Windows\system32\USER32.dll
0x00007ffd064e0000 - 0x00007ffd06674000 	C:\Windows\system32\ole32.dll
0x00007ffd04c20000 - 0x00007ffd06138000 	C:\Windows\system32\SHELL32.dll
0x00007ffd02ff0000 - 0x00007ffd03011000 	C:\Windows\SYSTEM32\USERENV.dll
0x00007ffd04230000 - 0x00007ffd042da000 	C:\Windows\system32\ADVAPI32.dll
0x00007ffcfaaf0000 - 0x00007ffcfab0e000 	C:\Windows\SYSTEM32\MPR.dll
0x00007ffd047c0000 - 0x00007ffd04901000 	C:\Windows\system32\RPCRT4.dll
0x00007ffd06840000 - 0x00007ffd06899000 	C:\Windows\SYSTEM32\sechost.dll
0x00007ffd04450000 - 0x00007ffd04661000 	C:\Windows\SYSTEM32\combase.dll
0x00007ffd04300000 - 0x00007ffd04450000 	C:\Windows\system32\GDI32.dll
0x00007ffd03a00000 - 0x00007ffd03a15000 	C:\Windows\SYSTEM32\profapi.dll
0x00007ffd018c0000 - 0x00007ffd01972000 	C:\Windows\SYSTEM32\SHCORE.dll
0x00007ffd049c0000 - 0x00007ffd049f6000 	C:\Windows\system32\IMM32.DLL
0x00007ffd062c0000 - 0x00007ffd06411000 	C:\Windows\system32\MSCTF.dll
0x00007ffd00e00000 - 0x00007ffd0107a000 	C:\Windows\WinSxS\amd64_microsoft.windows.common-controls_6595b64144ccf1df_6.0.9600.17810_none_6240b9c7ecbd0bda\COMCTL32.dll
0x00000000543a0000 - 0x0000000054472000 	C:\Program Files\Java\jre1.8.0_45\bin\msvcr100.dll
0x00000000544b0000 - 0x0000000054d33000 	C:\Program Files\Java\jre1.8.0_45\bin\server\jvm.dll
0x00007ffcfb9f0000 - 0x00007ffcfb9f9000 	C:\Windows\SYSTEM32\WSOCK32.dll
0x00007ffcfbd50000 - 0x00007ffcfbd72000 	C:\Windows\SYSTEM32\WINMM.dll
0x00007ffcfb980000 - 0x00007ffcfb98a000 	C:\Windows\SYSTEM32\VERSION.dll
0x00007ffd06830000 - 0x00007ffd06837000 	C:\Windows\system32\PSAPI.DLL
0x00007ffd04750000 - 0x00007ffd047aa000 	C:\Windows\system32\WS2_32.dll
0x00007ffcfbc30000 - 0x00007ffcfbc5a000 	C:\Windows\SYSTEM32\WINMMBASE.dll
0x00007ffd04670000 - 0x00007ffd04679000 	C:\Windows\system32\NSI.dll
0x00007ffd03ad0000 - 0x00007ffd03b1f000 	C:\Windows\SYSTEM32\cfgmgr32.dll
0x00007ffd027f0000 - 0x00007ffd02818000 	C:\Windows\SYSTEM32\DEVOBJ.dll
0x0000000055740000 - 0x000000005574f000 	C:\Program Files\Java\jre1.8.0_45\bin\verify.dll
0x0000000055710000 - 0x0000000055739000 	C:\Program Files\Java\jre1.8.0_45\bin\java.dll
0x00000000556f0000 - 0x0000000055706000 	C:\Program Files\Java\jre1.8.0_45\bin\zip.dll
0x0000000054200000 - 0x0000000054398000 	C:\Program Files\Java\jre1.8.0_45\bin\awt.dll
0x00007ffd04680000 - 0x00007ffd04741000 	C:\Windows\system32\OLEAUT32.dll
0x00007ffd02670000 - 0x00007ffd02799000 	C:\Windows\system32\uxtheme.dll
0x00007ffcf90f0000 - 0x00007ffcf919b000 	C:\Program Files\Common Files\microsoft shared\ink\tiptsf.dll
0x00007ffd01870000 - 0x00007ffd01891000 	C:\Windows\system32\dwmapi.dll
0x00007ffd02840000 - 0x00007ffd0284b000 	C:\Windows\SYSTEM32\kernel.appcore.dll
0x00007ffd038d0000 - 0x00007ffd038db000 	C:\Windows\SYSTEM32\CRYPTBASE.dll
0x00007ffd03860000 - 0x00007ffd038c3000 	C:\Windows\SYSTEM32\bcryptPrimitives.dll
0x00000000541b0000 - 0x00000000541f7000 	C:\Program Files\Java\jre1.8.0_45\bin\fontmanager.dll
0x00000000556d0000 - 0x00000000556ea000 	C:\Program Files\Java\jre1.8.0_45\bin\net.dll
0x00007ffd03260000 - 0x00007ffd032b9000 	C:\Windows\system32\mswsock.dll
0x00000000556b0000 - 0x00000000556c1000 	C:\Program Files\Java\jre1.8.0_45\bin\nio.dll
0x00007ffd032c0000 - 0x00007ffd032e0000 	C:\Windows\SYSTEM32\CRYPTSP.dll
0x00007ffd02ee0000 - 0x00007ffd02f16000 	C:\Windows\system32\rsaenh.dll
0x00007ffd03520000 - 0x00007ffd03546000 	C:\Windows\SYSTEM32\bcrypt.dll
0x00007ffcfff60000 - 0x00007ffcfff8a000 	C:\Windows\SYSTEM32\IPHLPAPI.DLL
0x00007ffcfff50000 - 0x00007ffcfff5a000 	C:\Windows\SYSTEM32\WINNSI.DLL
0x00007ffcfd7d0000 - 0x00007ffcfd7e6000 	C:\Windows\SYSTEM32\dhcpcsvc6.DLL
0x00007ffcfd9d0000 - 0x00007ffcfd9ea000 	C:\Windows\SYSTEM32\dhcpcsvc.DLL
0x00007ffcf98b0000 - 0x00007ffcf9954000 	C:\Windows\WinSxS\amd64_microsoft.windows.common-controls_6595b64144ccf1df_5.82.9600.17810_none_34ae2abd958aedeb\comctl32.dll
0x0000000054160000 - 0x00000000541a1000 	C:\Program Files\Java\jre1.8.0_45\bin\t2k.dll
0x00007ffd06420000 - 0x00007ffd064d6000 	C:\Windows\SYSTEM32\clbcatq.dll
0x00007ffd01210000 - 0x00007ffd013be000 	C:\Windows\SYSTEM32\WindowsCodecs.dll
0x00000000637c0000 - 0x00000000637cd000 	C:\Users\Tyler\AppData\Local\Temp\jogamp_0000\file_cache\jln450441135769325628\jln1700519993164034879\gluegen-rt.dll
0x0000000054150000 - 0x0000000054157000 	C:\Program Files\Java\jre1.8.0_45\bin\jawt.dll
0x000000006a440000 - 0x000000006a44d000 	C:\Users\Tyler\AppData\Local\Temp\jogamp_0000\file_cache\jln450441135769325628\jln1700519993164034879\nativewindow_awt.dll
0x000000006c100000 - 0x000000006c10f000 	C:\Users\Tyler\AppData\Local\Temp\jogamp_0000\file_cache\jln450441135769325628\jln1700519993164034879\nativewindow_win32.dll
0x00007ffcee3c0000 - 0x00007ffcee4eb000 	C:\Windows\SYSTEM32\OpenGL32.dll
0x00007ffcf45f0000 - 0x00007ffcf461e000 	C:\Windows\SYSTEM32\GLU32.dll
0x00007ffcee2c0000 - 0x00007ffcee3b8000 	C:\Windows\SYSTEM32\DDRAW.dll
0x00007ffcf45e0000 - 0x00007ffcf45e9000 	C:\Windows\SYSTEM32\DCIMAN32.dll
0x0000000064500000 - 0x00000000645a2000 	C:\Users\Tyler\AppData\Local\Temp\jogamp_0000\file_cache\jln450441135769325628\jln1700519993164034879\jogl_desktop.dll
0x0000000180000000 - 0x000000018079c000 	C:\Windows\SYSTEM32\ig75icd64.dll
0x00007ffd00420000 - 0x00007ffd00860000 	C:\Windows\SYSTEM32\igdusc64.dll
0x00007ffd039a0000 - 0x00007ffd039e6000 	C:\Windows\SYSTEM32\powrprof.dll
0x0000000054120000 - 0x000000005414a000 	C:\Program Files\Java\jre1.8.0_45\bin\dcpr.dll
0x00007ffcfea70000 - 0x00007ffcfeada000 	C:\Windows\SYSTEM32\oleacc.dll
0x00007ffd01e60000 - 0x00007ffd01fea000 	C:\Windows\SYSTEM32\dbghelp.dll

VM Arguments:
jvm_args: -Xss10M -Xmx400M -Dfile.encoding=Cp1252 
java_command: repast.simphony.runtime.RepastMain C:\Users\Tyler\Google Drive\School\Research\Summer Research 2015\Bee Simulation/beeSim_V3.rs
java_class_path (initial): C:\RepastSimphony-2.3.1\eclipse\plugins\org.codehaus.groovy_2.3.7.xx-201411061335-e44-RELEASE\lib\groovy-all-2.3.7.jar;C:\RepastSimphony-2.3.1\eclipse\plugins\org.codehaus.groovy_2.3.7.xx-201411061335-e44-RELEASE\lib\bsf-2.4.0.jar;C:\RepastSimphony-2.3.1\eclipse\plugins\org.codehaus.groovy_2.3.7.xx-201411061335-e44-RELEASE\lib\ivy-2.3.0-sources.jar;C:\RepastSimphony-2.3.1\eclipse\plugins\org.codehaus.groovy_2.3.7.xx-201411061335-e44-RELEASE\lib\ivy-2.3.0.jar;C:\RepastSimphony-2.3.1\eclipse\plugins\org.codehaus.groovy_2.3.7.xx-201411061335-e44-RELEASE\lib\servlet-api-2.4.jar;C:\RepastSimphony-2.3.1\eclipse\plugins\repast.simphony.runtime_2.3.1\bin;C:\RepastSimphony-2.3.1\eclipse\plugins\repast.simphony.runtime_2.3.1\lib\saf.core.runtime.jar;C:\RepastSimphony-2.3.1\eclipse\plugins\repast.simphony.runtime_2.3.1\lib\commons-logging-1.1.2.jar;C:\RepastSimphony-2.3.1\eclipse\plugins\repast.simphony.runtime_2.3.1\lib\javassist-3.17.1-GA.jar;C:\RepastSimphony-2.3.1\eclipse\plugins\repast.simphony.runtime_2.3.1\lib\jpf.jar;C:\RepastSimphony-2.3.1\eclipse\plugins\repast.simphony.runtime_2.3.1\lib\jpf-boot.jar;C:\RepastSimphony-2.3.1\eclipse\plugins\repast.simphony.runtime_2.3.1\lib\log4j-1.2.16.jar;C:\RepastSimphony-2.3.1\eclipse\plugins\repast.simphony.runtime_2.3.1\lib\xpp3_min-1.1.4c.jar;C:\RepastSimphony-2.3.1\eclipse\plugins\repast.simphony.runtime_2.3.1\lib\xstream-1.4.7.jar;C:\RepastSimphony-2.3.1\eclipse\plugins\repast.simphony.runtime_2.3.1\lib\xmlpull-1.1.3.1.jar;C:\RepastSimphony-2.3.1\eclipse\plugins\repast.simphony.runtime_2.3.1\lib\commons-cli-1.2.jar
Launcher Type: SUN_STANDARD

Environment Variables:
PATH=C:/Program Files/Java/jre1.8.0_45/bin/server;C:/Program Files/Java/jre1.8.0_45/bin;C:/Program Files/Java/jre1.8.0_45/lib/amd64;C:\Program Files (x86)\NVIDIA Corporation\PhysX\Common;C:\ProgramData\Oracle\Java\javapath;C:\Windows\system32;C:\Windows;C:\Windows\System32\Wbem;C:\Windows\System32\WindowsPowerShell\v1.0\;C:\Program Files (x86)\Skype\Phone\;C:\Program Files\MATLAB\R2014a\runtime\win64;C:\Program Files\MATLAB\R2014a\bin;c:\users\tyler\appdata\local\enthought\canopy\user\scripts;C:\Users\Tyler\AppData\Local\Enthought\Canopy\User;C:\Users\Tyler\AppData\Local\Enthought\Canopy\User\Scripts;C:\RepastSimphony-2.3.1\eclipse;
USERNAME=Tyler
OS=Windows_NT
PROCESSOR_IDENTIFIER=Intel64 Family 6 Model 69 Stepping 1, GenuineIntel



---------------  S Y S T E M  ---------------

OS: Windows 8.1 , 64 bit Build 9600 (6.3.9600.17415)

CPU:total 4 (2 cores per cpu, 2 threads per core) family 6 model 69 stepping 1, cmov, cx8, fxsr, mmx, sse, sse2, sse3, ssse3, sse4.1, sse4.2, popcnt, avx, avx2, aes, clmul, erms, lzcnt, ht, tsc, tscinvbit, bmi1, bmi2

Memory: 4k page, physical 4074840k(1054976k free), swap 10265540k(4262232k free)

vm_info: Java HotSpot(TM) 64-Bit Server VM (25.45-b02) for windows-amd64 JRE (1.8.0_45-b15), built on Apr 30 2015 12:40:44 by "java_re" with MS VC++ 10.0 (VS2010)

time: Mon Jul 20 16:32:18 2015
elapsed time: 109 seconds (0d 0h 1m 49s)

