#
# A fatal error has been detected by the Java Runtime Environment:
#
#  EXCEPTION_ACCESS_VIOLATION (0xc0000005) at pc=0x0000000003d4cc77, pid=7000, tid=6096
#
# JRE version: Java(TM) SE Runtime Environment (8.0_45-b15) (build 1.8.0_45-b15)
# Java VM: Java HotSpot(TM) 64-Bit Server VM (25.45-b02 mixed mode windows-amd64 compressed oops)
# Problematic frame:
# J 4873 C2 sun.awt.SunToolkit.targetToAppContext(Ljava/lang/Object;)Lsun/awt/AppContext; (30 bytes) @ 0x0000000003d4cc77 [0x0000000003d4cc60+0x17]
#
# Failed to write core dump. Minidumps are not enabled by default on client versions of Windows
#
# If you would like to submit a bug report, please visit:
#   http://bugreport.java.com/bugreport/crash.jsp
#

---------------  T H R E A D  ---------------

Current thread (0x000000001b5fc800):  JavaThread "AWT-EventQueue-0" [_thread_in_Java, id=6096, stack(0x000000001e1e0000,0x000000001ebe0000)]

siginfo: ExceptionCode=0xc0000005, reading address 0x0000000000000030

Registers:
RAX=0x0000000013c44580, RBX=0x0000000013c44580, RCX=0x00000000234713a0, RDX=0x000000002000074f
RSP=0x000000001ebd96f0, RBP=0x000000001ebd97a0, RSI=0x00000000e7a7b468, RDI=0x0000006a84a97d11
R8 =0x000000002000074f, R9 =0x00000000e71c5bb8, R10=0x0000000000000000, R11=0x0000000003d4cc60
R12=0x0000000000000000, R13=0x000000001ebd9758, R14=0x000000001ebd97b0, R15=0x000000001b5fc800
RIP=0x0000000003d4cc77, EFLAGS=0x0000000000010246

Top of Stack: (sp=0x000000001ebd96f0)
0x000000001ebd96f0:   000000001b5fc800 00000004138dd0e8
0x000000001ebd9700:   00000000e71c5bb8 0000000003065af1
0x000000001ebd9710:   0000000000000000 00000000e71c5b30
0x000000001ebd9720:   000000001ebd97f8 0000000003a988bc
0x000000001ebd9730:   00000000e71c5bb8 0000058223465230
0x000000001ebd9740:   000000001ebd97a0 0000000002f27a70
0x000000001ebd9750:   0000000002f27a70 000000002000074f
0x000000001ebd9760:   000000001ebd9760 000000002223b3b5
0x000000001ebd9770:   000000001ebd97b0 00000000234713a0
0x000000001ebd9780:   00000000234aaad8 000000002223b3c8
0x000000001ebd9790:   000000001ebd9758 000000001ebd97b0
0x000000001ebd97a0:   000000001ebd97f8 0000000002f27a70
0x000000001ebd97b0:   00000000f8d0fc80 000000001ebd97b8
0x000000001ebd97c0:   000000001b739848 000000001ebd9848
0x000000001ebd97d0:   000000001b73a740 00000000286255c0
0x000000001ebd97e0:   000000001b739988 000000001ebd97b0 

Instructions: (pc=0x0000000003d4cc77)
0x0000000003d4cc57:   00 00 64 0f 64 00 00 00 00 89 84 24 00 a0 ff ff
0x0000000003d4cc67:   55 48 83 ec 50 4c 8b c2 44 8b 52 08 49 c1 e2 03
0x0000000003d4cc77:   4d 8b 52 30 49 bb f0 83 0b 00 01 00 00 00 4d 3b
0x0000000003d4cc87:   d3 75 3d 49 ba a0 6f 1a e7 00 00 00 00 45 8b 52 


Register to memory mapping:

RAX={method} {0x0000000013c44588} 'targetToAppContext' '(Ljava/lang/Object;)Lsun/awt/AppContext;' in 'sun/awt/SunToolkit'
RBX={method} {0x0000000013c44588} 'targetToAppContext' '(Ljava/lang/Object;)Lsun/awt/AppContext;' in 'sun/awt/SunToolkit'
RCX=0x00000000234713a0 is pointing into metadata
RDX=0x000000002000074f is an unknown value
RSP=0x000000001ebd96f0 is pointing into the stack for thread: 0x000000001b5fc800
RBP=0x000000001ebd97a0 is pointing into the stack for thread: 0x000000001b5fc800
RSI=0x00000000e7a7b468 is an oop
javax.media.opengl.awt.GLCanvas 
 - klass: 'javax/media/opengl/awt/GLCanvas'
RDI=0x0000006a84a97d11 is an unknown value
R8 =0x000000002000074f is an unknown value
R9 =0x00000000e71c5bb8 is an oop
java.lang.Class 
 - klass: 'java/lang/Class'
R10=0x0000000000000000 is an unknown value
R11=0x0000000003d4cc60 is at entry_point+0 in (nmethod*)0x0000000003d4cb10
R12=0x0000000000000000 is an unknown value
R13=0x000000001ebd9758 is pointing into the stack for thread: 0x000000001b5fc800
R14=0x000000001ebd97b0 is pointing into the stack for thread: 0x000000001b5fc800
R15=0x000000001b5fc800 is a thread


Stack: [0x000000001e1e0000,0x000000001ebe0000],  sp=0x000000001ebd96f0,  free space=10213k
Native frames: (J=compiled Java code, j=interpreted, Vv=VM code, C=native code)
C  0x0000000003d4cc77


---------------  P R O C E S S  ---------------

Java Threads: ( => current thread )
  0x0000000018bc9800 JavaThread "Image Fetcher 0" daemon [_thread_blocked, id=6248, stack(0x0000000025a30000,0x0000000026430000)]
  0x0000000018bcc800 JavaThread "AWT-EventQueue-0-SharedResourceRunner" daemon [_thread_blocked, id=5456, stack(0x0000000023510000,0x0000000023f10000)]
  0x0000000018bcb000 JavaThread "DestroyJavaVM" [_thread_blocked, id=3492, stack(0x0000000002520000,0x0000000002f20000)]
  0x000000001f9f9800 JavaThread "TimerQueue" daemon [_thread_blocked, id=3468, stack(0x0000000020170000,0x0000000020b70000)]
=>0x000000001b5fc800 JavaThread "AWT-EventQueue-0" [_thread_in_Java, id=6096, stack(0x000000001e1e0000,0x000000001ebe0000)]
  0x000000001fc6f800 JavaThread "AWT-Shutdown" [_thread_blocked, id=5896, stack(0x000000001c230000,0x000000001cc30000)]
  0x000000001a6c6800 JavaThread "AWT-Windows" daemon [_thread_in_native, id=3068, stack(0x000000001cc30000,0x000000001d630000)]
  0x00000000199f3000 JavaThread "Java2D Disposer" daemon [_thread_blocked, id=5312, stack(0x000000001b830000,0x000000001c230000)]
  0x0000000017bb6000 JavaThread "Service Thread" daemon [_thread_blocked, id=6376, stack(0x0000000017f90000,0x0000000018990000)]
  0x0000000013f38000 JavaThread "C1 CompilerThread2" daemon [_thread_blocked, id=6572, stack(0x0000000017a90000,0x0000000017b90000)]
  0x0000000013f31800 JavaThread "C2 CompilerThread1" daemon [_thread_blocked, id=1460, stack(0x0000000017990000,0x0000000017a90000)]
  0x0000000013f2b800 JavaThread "C2 CompilerThread0" daemon [_thread_blocked, id=2600, stack(0x0000000017890000,0x0000000017990000)]
  0x0000000013f2b000 JavaThread "Attach Listener" daemon [_thread_blocked, id=5556, stack(0x0000000016e90000,0x0000000017890000)]
  0x0000000013f37000 JavaThread "Signal Dispatcher" daemon [_thread_blocked, id=4328, stack(0x0000000016490000,0x0000000016e90000)]
  0x0000000013ef8800 JavaThread "Finalizer" daemon [_thread_blocked, id=692, stack(0x0000000015a90000,0x0000000016490000)]
  0x00000000024b1800 JavaThread "Reference Handler" daemon [_thread_blocked, id=5052, stack(0x0000000015090000,0x0000000015a90000)]

Other Threads:
  0x0000000013ef7000 VMThread [stack: 0x0000000014f90000,0x0000000015090000] [id=6808]
  0x0000000017bb7000 WatcherThread [stack: 0x0000000018990000,0x0000000018a90000] [id=6728]

VM state:not at safepoint (normal execution)

VM Mutex/Monitor currently owned by a thread: None

Heap:
 PSYoungGen      total 65536K, used 46544K [0x00000000f7b00000, 0x00000000fdc00000, 0x0000000100000000)
  eden space 34304K, 75% used [0x00000000f7b00000,0x00000000f946ac58,0x00000000f9c80000)
  from space 31232K, 65% used [0x00000000fbc00000,0x00000000fd009440,0x00000000fda80000)
  to   space 32256K, 0% used [0x00000000f9c80000,0x00000000f9c80000,0x00000000fbc00000)
 ParOldGen       total 97792K, used 55974K [0x00000000e7000000, 0x00000000ecf80000, 0x00000000f7b00000)
  object space 97792K, 57% used [0x00000000e7000000,0x00000000ea6a9a18,0x00000000ecf80000)
 Metaspace       used 39291K, capacity 39550K, committed 39976K, reserved 1085440K
  class space    used 4817K, capacity 4922K, committed 4992K, reserved 1048576K

Card table byte_map: [0x00000000122e0000,0x00000000123b0000] byte_map_base: 0x0000000011ba8000

Marking Bits: (ParMarkBitMap*) 0x0000000054cb4040
 Begin Bits: [0x0000000012840000, 0x0000000012e80000)
 End Bits:   [0x0000000012e80000, 0x00000000134c0000)

Polling page: 0x00000000023a0000

CodeCache: size=245760Kb used=18636Kb max_used=18651Kb free=227123Kb
 bounds [0x0000000002f20000, 0x00000000041a0000, 0x0000000011f20000]
 total_blobs=6524 nmethods=5507 adapters=926
 compilation: enabled

Compilation events (10 events):
Event: 518.401 Thread 0x0000000013f2b800 7114  s    4       javax.swing.RepaintManager::extendDirtyRegion (36 bytes)
Event: 518.402 Thread 0x0000000013f38000 nmethod 7112 0x0000000003977f10 code [0x00000000039780e0, 0x0000000003978808]
Event: 518.402 Thread 0x0000000013f38000 7113       3       sun.nio.cs.StreamEncoder::implWrite (156 bytes)
Event: 518.403 Thread 0x0000000013f38000 nmethod 7113 0x0000000003f129d0 code [0x0000000003f12c40, 0x0000000003f13ac8]
Event: 518.405 Thread 0x0000000013f38000 7115       1       javax.swing.text.AbstractDocument$LeafElement::isLeaf (2 bytes)
Event: 518.405 Thread 0x0000000013f38000 nmethod 7115 0x000000000398b550 code [0x000000000398b6a0, 0x000000000398b7b0]
Event: 518.407 Thread 0x0000000013f38000 7116       3       sun.awt.image.PNGImageDecoder::handleChunk (1173 bytes)
Event: 518.408 Thread 0x0000000013f2b800 nmethod 7114 0x0000000003f11dd0 code [0x0000000003f11f40, 0x0000000003f125e8]
Event: 518.414 Thread 0x0000000013f38000 nmethod 7116 0x0000000003eb98d0 code [0x0000000003eba060, 0x0000000003ebe768]
Event: 518.417 Thread 0x0000000013f31800 nmethod 7108 0x0000000003f5fdd0 code [0x0000000003f5ff60, 0x0000000003f60cc8]

GC Heap History (10 events):
Event: 512.374 GC heap before
{Heap before GC invocations=340 (full 4):
 PSYoungGen      total 56832K, used 18941K [0x00000000f7b00000, 0x00000000fd780000, 0x0000000100000000)
  eden space 37888K, 0% used [0x00000000f7b00000,0x00000000f7b00000,0x00000000fa000000)
  from space 18944K, 99% used [0x00000000fb900000,0x00000000fcb7f7c8,0x00000000fcb80000)
  to   space 25600K, 0% used [0x00000000fa000000,0x00000000fa000000,0x00000000fb900000)
 ParOldGen       total 84992K, used 84965K [0x00000000e7000000, 0x00000000ec300000, 0x00000000f7b00000)
  object space 84992K, 99% used [0x00000000e7000000,0x00000000ec2f9678,0x00000000ec300000)
 Metaspace       used 39210K, capacity 39542K, committed 39976K, reserved 1085440K
  class space    used 4814K, capacity 4898K, committed 4992K, reserved 1048576K
Event: 512.523 GC heap after
Heap after GC invocations=340 (full 4):
 PSYoungGen      total 56832K, used 0K [0x00000000f7b00000, 0x00000000fd780000, 0x0000000100000000)
  eden space 37888K, 0% used [0x00000000f7b00000,0x00000000f7b00000,0x00000000fa000000)
  from space 18944K, 0% used [0x00000000fb900000,0x00000000fb900000,0x00000000fcb80000)
  to   space 25600K, 0% used [0x00000000fa000000,0x00000000fa000000,0x00000000fb900000)
 ParOldGen       total 97792K, used 55966K [0x00000000e7000000, 0x00000000ecf80000, 0x00000000f7b00000)
  object space 97792K, 57% used [0x00000000e7000000,0x00000000ea6a7a18,0x00000000ecf80000)
 Metaspace       used 39196K, capacity 39518K, committed 39976K, reserved 1085440K
  class space    used 4810K, capacity 4890K, committed 4992K, reserved 1048576K
}
Event: 514.681 GC heap before
{Heap before GC invocations=341 (full 4):
 PSYoungGen      total 56832K, used 37888K [0x00000000f7b00000, 0x00000000fd780000, 0x0000000100000000)
  eden space 37888K, 100% used [0x00000000f7b00000,0x00000000fa000000,0x00000000fa000000)
  from space 18944K, 0% used [0x00000000fb900000,0x00000000fb900000,0x00000000fcb80000)
  to   space 25600K, 0% used [0x00000000fa000000,0x00000000fa000000,0x00000000fb900000)
 ParOldGen       total 97792K, used 55966K [0x00000000e7000000, 0x00000000ecf80000, 0x00000000f7b00000)
  object space 97792K, 57% used [0x00000000e7000000,0x00000000ea6a7a18,0x00000000ecf80000)
 Metaspace       used 39200K, capacity 39518K, committed 39976K, reserved 1085440K
  class space    used 4811K, capacity 4890K, committed 4992K, reserved 1048576K
Event: 514.685 GC heap after
Heap after GC invocations=341 (full 4):
 PSYoungGen      total 62976K, used 20339K [0x00000000f7b00000, 0x00000000fd680000, 0x0000000100000000)
  eden space 37376K, 0% used [0x00000000f7b00000,0x00000000f7b00000,0x00000000f9f80000)
  from space 25600K, 79% used [0x00000000fa000000,0x00000000fb3dcd10,0x00000000fb900000)
  to   space 28160K, 0% used [0x00000000fbb00000,0x00000000fbb00000,0x00000000fd680000)
 ParOldGen       total 97792K, used 55966K [0x00000000e7000000, 0x00000000ecf80000, 0x00000000f7b00000)
  object space 97792K, 57% used [0x00000000e7000000,0x00000000ea6a7a18,0x00000000ecf80000)
 Metaspace       used 39200K, capacity 39518K, committed 39976K, reserved 1085440K
  class space    used 4811K, capacity 4890K, committed 4992K, reserved 1048576K
}
Event: 515.387 GC heap before
{Heap before GC invocations=342 (full 4):
 PSYoungGen      total 62976K, used 57715K [0x00000000f7b00000, 0x00000000fd680000, 0x0000000100000000)
  eden space 37376K, 100% used [0x00000000f7b00000,0x00000000f9f80000,0x00000000f9f80000)
  from space 25600K, 79% used [0x00000000fa000000,0x00000000fb3dcd10,0x00000000fb900000)
  to   space 28160K, 0% used [0x00000000fbb00000,0x00000000fbb00000,0x00000000fd680000)
 ParOldGen       total 97792K, used 55966K [0x00000000e7000000, 0x00000000ecf80000, 0x00000000f7b00000)
  object space 97792K, 57% used [0x00000000e7000000,0x00000000ea6a7a18,0x00000000ecf80000)
 Metaspace       used 39203K, capacity 39518K, committed 39976K, reserved 1085440K
  class space    used 4811K, capacity 4890K, committed 4992K, reserved 1048576K
Event: 515.392 GC heap after
Heap after GC invocations=342 (full 4):
 PSYoungGen      total 64000K, used 20371K [0x00000000f7b00000, 0x00000000fd900000, 0x0000000100000000)
  eden space 35840K, 0% used [0x00000000f7b00000,0x00000000f7b00000,0x00000000f9e00000)
  from space 28160K, 72% used [0x00000000fbb00000,0x00000000fcee4d10,0x00000000fd680000)
  to   space 29696K, 0% used [0x00000000f9e00000,0x00000000f9e00000,0x00000000fbb00000)
 ParOldGen       total 97792K, used 55966K [0x00000000e7000000, 0x00000000ecf80000, 0x00000000f7b00000)
  object space 97792K, 57% used [0x00000000e7000000,0x00000000ea6a7a18,0x00000000ecf80000)
 Metaspace       used 39203K, capacity 39518K, committed 39976K, reserved 1085440K
  class space    used 4811K, capacity 4890K, committed 4992K, reserved 1048576K
}
Event: 517.128 GC heap before
{Heap before GC invocations=343 (full 4):
 PSYoungGen      total 64000K, used 56211K [0x00000000f7b00000, 0x00000000fd900000, 0x0000000100000000)
  eden space 35840K, 100% used [0x00000000f7b00000,0x00000000f9e00000,0x00000000f9e00000)
  from space 28160K, 72% used [0x00000000fbb00000,0x00000000fcee4d10,0x00000000fd680000)
  to   space 29696K, 0% used [0x00000000f9e00000,0x00000000f9e00000,0x00000000fbb00000)
 ParOldGen       total 97792K, used 55966K [0x00000000e7000000, 0x00000000ecf80000, 0x00000000f7b00000)
  object space 97792K, 57% used [0x00000000e7000000,0x00000000ea6a7a18,0x00000000ecf80000)
 Metaspace       used 39254K, capacity 39518K, committed 39976K, reserved 1085440K
  class space    used 4812K, capacity 4890K, committed 4992K, reserved 1048576K
Event: 517.133 GC heap after
Heap after GC invocations=343 (full 4):
 PSYoungGen      total 65024K, used 20517K [0x00000000f7b00000, 0x00000000fda80000, 0x0000000100000000)
  eden space 35328K, 0% used [0x00000000f7b00000,0x00000000f7b00000,0x00000000f9d80000)
  from space 29696K, 69% used [0x00000000f9e00000,0x00000000fb209440,0x00000000fbb00000)
  to   space 31232K, 0% used [0x00000000fbc00000,0x00000000fbc00000,0x00000000fda80000)
 ParOldGen       total 97792K, used 55974K [0x00000000e7000000, 0x00000000ecf80000, 0x00000000f7b00000)
  object space 97792K, 57% used [0x00000000e7000000,0x00000000ea6a9a18,0x00000000ecf80000)
 Metaspace       used 39254K, capacity 39518K, committed 39976K, reserved 1085440K
  class space    used 4812K, capacity 4890K, committed 4992K, reserved 1048576K
}
Event: 518.084 GC heap before
{Heap before GC invocations=344 (full 4):
 PSYoungGen      total 65024K, used 55845K [0x00000000f7b00000, 0x00000000fda80000, 0x0000000100000000)
  eden space 35328K, 100% used [0x00000000f7b00000,0x00000000f9d80000,0x00000000f9d80000)
  from space 29696K, 69% used [0x00000000f9e00000,0x00000000fb209440,0x00000000fbb00000)
  to   space 31232K, 0% used [0x00000000fbc00000,0x00000000fbc00000,0x00000000fda80000)
 ParOldGen       total 97792K, used 55974K [0x00000000e7000000, 0x00000000ecf80000, 0x00000000f7b00000)
  object space 97792K, 57% used [0x00000000e7000000,0x00000000ea6a9a18,0x00000000ecf80000)
 Metaspace       used 39254K, capacity 39518K, committed 39976K, reserved 1085440K
  class space    used 4812K, capacity 4890K, committed 4992K, reserved 1048576K
Event: 518.088 GC heap after
Heap after GC invocations=344 (full 4):
 PSYoungGen      total 65536K, used 20517K [0x00000000f7b00000, 0x00000000fdc00000, 0x0000000100000000)
  eden space 34304K, 0% used [0x00000000f7b00000,0x00000000f7b00000,0x00000000f9c80000)
  from space 31232K, 65% used [0x00000000fbc00000,0x00000000fd009440,0x00000000fda80000)
  to   space 32256K, 0% used [0x00000000f9c80000,0x00000000f9c80000,0x00000000fbc00000)
 ParOldGen       total 97792K, used 55974K [0x00000000e7000000, 0x00000000ecf80000, 0x00000000f7b00000)
  object space 97792K, 57% used [0x00000000e7000000,0x00000000ea6a9a18,0x00000000ecf80000)
 Metaspace       used 39254K, capacity 39518K, committed 39976K, reserved 1085440K
  class space    used 4812K, capacity 4890K, committed 4992K, reserved 1048576K
}

Deoptimization events (10 events):
Event: 518.392 Thread 0x0000000018bc9800 Uncommon trap: reason=unstable_if action=reinterpret pc=0x0000000003b81b60 method=repast.simphony.visualization.AbstractDisplay.projectionEventOccurred(Lrepast/simphony/space/projection/ProjectionEvent;)V @ 7
Event: 518.392 Thread 0x0000000018bc9800 Uncommon trap: reason=unstable_if action=reinterpret pc=0x0000000003e89318 method=repast.simphony.space.grid.AbstractGrid.doMove(Ljava/lang/Object;[ILrepast/simphony/space/grid/AbstractGrid$PointHolder;)Lrepast/simphony/space/grid/GridPoint; @ 33
Event: 518.392 Thread 0x0000000018bc9800 Uncommon trap: reason=unstable_if action=reinterpret pc=0x000000000413aed4 method=repast.simphony.visualizationOGL2D.StyledDisplayLayerOGL2D.processAdded(Lrepast/simphony/visualization/LayoutUpdater;)V @ 119
Event: 518.394 Thread 0x000000001b5fc800 Uncommon trap: reason=class_check action=maybe_recompile pc=0x00000000036b7900 method=java.util.ArrayList.<init>(Ljava/util/Collection;)V @ 6
Event: 518.394 Thread 0x000000001b5fc800 Uncommon trap: reason=unstable_if action=reinterpret pc=0x0000000003163e0c method=java.util.concurrent.ConcurrentHashMap.putVal(Ljava/lang/Object;Ljava/lang/Object;Z)Ljava/lang/Object; @ 206
Event: 518.395 Thread 0x000000001b5fc800 Uncommon trap: reason=unstable_if action=reinterpret pc=0x0000000003d413d8 method=java.text.DecimalFormat.subformat(Ljava/lang/StringBuffer;Ljava/text/Format$FieldDelegate;ZZIIII)Ljava/lang/StringBuffer; @ 753
Event: 518.397 Thread 0x0000000018bc9800 Uncommon trap: reason=unstable_if action=reinterpret pc=0x0000000003298588 method=java.lang.AbstractStringBuilder.append([CII)Ljava/lang/AbstractStringBuilder; @ 1
Event: 518.401 Thread 0x000000001b5fc800 Uncommon trap: reason=unstable_if action=reinterpret pc=0x000000000317886c method=javax.swing.JLabel.setText(Ljava/lang/String;)V @ 95
Event: 518.404 Thread 0x000000001b5fc800 Uncommon trap: reason=class_check action=maybe_recompile pc=0x0000000003d756d4 method=javax.swing.RepaintManager.validateInvalidComponents()V @ 55
Event: 518.404 Thread 0x000000001b5fc800 Uncommon trap: reason=class_check action=maybe_recompile pc=0x0000000003ff5fc4 method=javax.swing.RepaintManager$3.run()Ljava/lang/Void; @ 4

Internal exceptions (10 events):
Event: 27.144 Thread 0x000000001b5fc800 Exception <a 'java/lang/reflect/InvocationTargetException'> (0x00000000f90c8be0) thrown at [C:\re\workspace\8-2-build-windows-amd64-cygwin\jdk8u45\3627\hotspot\src\share\vm\runtime\reflection.cpp, line 1080]
Event: 27.491 Thread 0x000000001b5fc800 Implicit null exception at 0x0000000003a2f776 to 0x0000000003a2fd8d
Event: 512.316 Thread 0x000000001b5fc800 Exception <a 'java/lang/reflect/InvocationTargetException'> (0x00000000fa2769a8) thrown at [C:\re\workspace\8-2-build-windows-amd64-cygwin\jdk8u45\3627\hotspot\src\share\vm\runtime\reflection.cpp, line 1080]
Event: 512.346 Thread 0x000000001b5fc800 Implicit null exception at 0x0000000003dcaf88 to 0x0000000003dcbb21
Event: 512.558 Thread 0x000000001b5fc800 Implicit null exception at 0x00000000037bcbe0 to 0x00000000037bd031
Event: 516.524 Thread 0x000000001b5fc800 Exception <a 'java/lang/reflect/InvocationTargetException'> (0x00000000f8b3a7e8) thrown at [C:\re\workspace\8-2-build-windows-amd64-cygwin\jdk8u45\3627\hotspot\src\share\vm\runtime\reflection.cpp, line 1080]
Event: 516.538 Thread 0x000000001b5fc800 Exception <a 'java/lang/reflect/InvocationTargetException'> (0x00000000f8b53d28) thrown at [C:\re\workspace\8-2-build-windows-amd64-cygwin\jdk8u45\3627\hotspot\src\share\vm\runtime\reflection.cpp, line 1080]
Event: 518.392 Thread 0x0000000018bc9800 Implicit null exception at 0x0000000003e7cb84 to 0x0000000003e7d66d
Event: 518.392 Thread 0x0000000018bc9800 Implicit null exception at 0x0000000003e8787d to 0x0000000003e89309
Event: 518.814 Thread 0x000000001b5fc800 Implicit null exception at 0x0000000003d4cc77 to 0x0000000000000000

Events (10 events):
Event: 518.404 Thread 0x0000000018bc9800 Thread exited: 0x0000000018bc9800
Event: 518.404 Thread 0x000000001b5fc800 Uncommon trap: trap_request=0xffffffde fr.pc=0x0000000003d756d4
Event: 518.404 Thread 0x000000001b5fc800 DEOPT PACKING pc=0x0000000003d756d4 sp=0x000000001ebde020
Event: 518.404 Thread 0x000000001b5fc800 DEOPT UNPACKING pc=0x0000000002f6582a sp=0x000000001ebddf98 mode 2
Event: 518.404 Thread 0x000000001b5fc800 Uncommon trap: trap_request=0xffffffde fr.pc=0x0000000003ff5fc4
Event: 518.404 Thread 0x000000001b5fc800 DEOPT PACKING pc=0x0000000003ff5fc4 sp=0x000000001ebdd3a0
Event: 518.404 Thread 0x000000001b5fc800 DEOPT UNPACKING pc=0x0000000002f6582a sp=0x000000001ebdd2e0 mode 2
Event: 518.406 Thread 0x0000000018bc9800 Thread added: 0x0000000018bc9800
Event: 518.412 Executing VM operation: BulkRevokeBias
Event: 518.412 Executing VM operation: BulkRevokeBias done


Dynamic libraries:
0x00007ff7363b0000 - 0x00007ff7363e7000 	C:\Program Files\Java\jre1.8.0_45\bin\javaw.exe
0x00007ffd068a0000 - 0x00007ffd06a4c000 	C:\Windows\SYSTEM32\ntdll.dll
0x00007ffd04a80000 - 0x00007ffd04bbe000 	C:\Windows\system32\KERNEL32.DLL
0x00007ffd03c30000 - 0x00007ffd03d45000 	C:\Windows\system32\KERNELBASE.dll
0x00007ffd02340000 - 0x00007ffd023ce000 	C:\Windows\system32\apphelp.dll
0x00007ffcf9960000 - 0x00007ffcf99b3000 	C:\Windows\AppPatch\AppPatch64\AcGenral.DLL
0x00007ffd04910000 - 0x00007ffd049ba000 	C:\Windows\system32\msvcrt.dll
0x00007ffd03830000 - 0x00007ffd0385e000 	C:\Windows\SYSTEM32\SspiCli.dll
0x00007ffd03f30000 - 0x00007ffd03f84000 	C:\Windows\system32\SHLWAPI.dll
0x00007ffd06140000 - 0x00007ffd062b7000 	C:\Windows\system32\USER32.dll
0x00007ffd064e0000 - 0x00007ffd06674000 	C:\Windows\system32\ole32.dll
0x00007ffd04c20000 - 0x00007ffd06138000 	C:\Windows\system32\SHELL32.dll
0x00007ffd02ff0000 - 0x00007ffd03011000 	C:\Windows\SYSTEM32\USERENV.dll
0x00007ffd04230000 - 0x00007ffd042da000 	C:\Windows\system32\ADVAPI32.dll
0x00007ffcfaaf0000 - 0x00007ffcfab0e000 	C:\Windows\SYSTEM32\MPR.dll
0x00007ffd047c0000 - 0x00007ffd04901000 	C:\Windows\system32\RPCRT4.dll
0x00007ffd06840000 - 0x00007ffd06899000 	C:\Windows\SYSTEM32\sechost.dll
0x00007ffd04450000 - 0x00007ffd04661000 	C:\Windows\SYSTEM32\combase.dll
0x00007ffd04300000 - 0x00007ffd04450000 	C:\Windows\system32\GDI32.dll
0x00007ffd03a00000 - 0x00007ffd03a15000 	C:\Windows\SYSTEM32\profapi.dll
0x00007ffd018c0000 - 0x00007ffd01972000 	C:\Windows\SYSTEM32\SHCORE.dll
0x00007ffd049c0000 - 0x00007ffd049f6000 	C:\Windows\system32\IMM32.DLL
0x00007ffd062c0000 - 0x00007ffd06411000 	C:\Windows\system32\MSCTF.dll
0x00007ffd00e00000 - 0x00007ffd0107a000 	C:\Windows\WinSxS\amd64_microsoft.windows.common-controls_6595b64144ccf1df_6.0.9600.17810_none_6240b9c7ecbd0bda\COMCTL32.dll
0x00000000543a0000 - 0x0000000054472000 	C:\Program Files\Java\jre1.8.0_45\bin\msvcr100.dll
0x00000000544b0000 - 0x0000000054d33000 	C:\Program Files\Java\jre1.8.0_45\bin\server\jvm.dll
0x00007ffcfb9f0000 - 0x00007ffcfb9f9000 	C:\Windows\SYSTEM32\WSOCK32.dll
0x00007ffcfbd50000 - 0x00007ffcfbd72000 	C:\Windows\SYSTEM32\WINMM.dll
0x00007ffcfb980000 - 0x00007ffcfb98a000 	C:\Windows\SYSTEM32\VERSION.dll
0x00007ffd06830000 - 0x00007ffd06837000 	C:\Windows\system32\PSAPI.DLL
0x00007ffd04750000 - 0x00007ffd047aa000 	C:\Windows\system32\WS2_32.dll
0x00007ffcfbc30000 - 0x00007ffcfbc5a000 	C:\Windows\SYSTEM32\WINMMBASE.dll
0x00007ffd04670000 - 0x00007ffd04679000 	C:\Windows\system32\NSI.dll
0x00007ffd03ad0000 - 0x00007ffd03b1f000 	C:\Windows\SYSTEM32\cfgmgr32.dll
0x00007ffd027f0000 - 0x00007ffd02818000 	C:\Windows\SYSTEM32\DEVOBJ.dll
0x0000000055740000 - 0x000000005574f000 	C:\Program Files\Java\jre1.8.0_45\bin\verify.dll
0x0000000055710000 - 0x0000000055739000 	C:\Program Files\Java\jre1.8.0_45\bin\java.dll
0x00000000556f0000 - 0x0000000055706000 	C:\Program Files\Java\jre1.8.0_45\bin\zip.dll
0x0000000054200000 - 0x0000000054398000 	C:\Program Files\Java\jre1.8.0_45\bin\awt.dll
0x00007ffd04680000 - 0x00007ffd04741000 	C:\Windows\system32\OLEAUT32.dll
0x00007ffd02670000 - 0x00007ffd02799000 	C:\Windows\system32\uxtheme.dll
0x00007ffcf90f0000 - 0x00007ffcf919b000 	C:\Program Files\Common Files\microsoft shared\ink\tiptsf.dll
0x00007ffd01870000 - 0x00007ffd01891000 	C:\Windows\system32\dwmapi.dll
0x00007ffd02840000 - 0x00007ffd0284b000 	C:\Windows\SYSTEM32\kernel.appcore.dll
0x00007ffd038d0000 - 0x00007ffd038db000 	C:\Windows\SYSTEM32\CRYPTBASE.dll
0x00007ffd03860000 - 0x00007ffd038c3000 	C:\Windows\SYSTEM32\bcryptPrimitives.dll
0x00000000541b0000 - 0x00000000541f7000 	C:\Program Files\Java\jre1.8.0_45\bin\fontmanager.dll
0x00000000556d0000 - 0x00000000556ea000 	C:\Program Files\Java\jre1.8.0_45\bin\net.dll
0x00007ffd03260000 - 0x00007ffd032b9000 	C:\Windows\system32\mswsock.dll
0x00000000556b0000 - 0x00000000556c1000 	C:\Program Files\Java\jre1.8.0_45\bin\nio.dll
0x00007ffd032c0000 - 0x00007ffd032e0000 	C:\Windows\SYSTEM32\CRYPTSP.dll
0x00007ffd02ee0000 - 0x00007ffd02f16000 	C:\Windows\system32\rsaenh.dll
0x00007ffd03520000 - 0x00007ffd03546000 	C:\Windows\SYSTEM32\bcrypt.dll
0x00007ffcfff60000 - 0x00007ffcfff8a000 	C:\Windows\SYSTEM32\IPHLPAPI.DLL
0x00007ffcfff50000 - 0x00007ffcfff5a000 	C:\Windows\SYSTEM32\WINNSI.DLL
0x00007ffcfd7d0000 - 0x00007ffcfd7e6000 	C:\Windows\SYSTEM32\dhcpcsvc6.DLL
0x00007ffcfd9d0000 - 0x00007ffcfd9ea000 	C:\Windows\SYSTEM32\dhcpcsvc.DLL
0x00007ffcf98b0000 - 0x00007ffcf9954000 	C:\Windows\WinSxS\amd64_microsoft.windows.common-controls_6595b64144ccf1df_5.82.9600.17810_none_34ae2abd958aedeb\comctl32.dll
0x0000000054160000 - 0x00000000541a1000 	C:\Program Files\Java\jre1.8.0_45\bin\t2k.dll
0x00007ffd06420000 - 0x00007ffd064d6000 	C:\Windows\SYSTEM32\clbcatq.dll
0x00007ffd01210000 - 0x00007ffd013be000 	C:\Windows\SYSTEM32\WindowsCodecs.dll
0x00000000637c0000 - 0x00000000637cd000 	C:\Users\Tyler\AppData\Local\Temp\jogamp_0000\file_cache\jln6436922146645921285\jln2468784720367344910\gluegen-rt.dll
0x0000000054150000 - 0x0000000054157000 	C:\Program Files\Java\jre1.8.0_45\bin\jawt.dll
0x000000006a440000 - 0x000000006a44d000 	C:\Users\Tyler\AppData\Local\Temp\jogamp_0000\file_cache\jln6436922146645921285\jln2468784720367344910\nativewindow_awt.dll
0x000000006c100000 - 0x000000006c10f000 	C:\Users\Tyler\AppData\Local\Temp\jogamp_0000\file_cache\jln6436922146645921285\jln2468784720367344910\nativewindow_win32.dll
0x00007ffcee3c0000 - 0x00007ffcee4eb000 	C:\Windows\SYSTEM32\OpenGL32.dll
0x00007ffcf45f0000 - 0x00007ffcf461e000 	C:\Windows\SYSTEM32\GLU32.dll
0x00007ffcee2c0000 - 0x00007ffcee3b8000 	C:\Windows\SYSTEM32\DDRAW.dll
0x00007ffcf45e0000 - 0x00007ffcf45e9000 	C:\Windows\SYSTEM32\DCIMAN32.dll
0x0000000064500000 - 0x00000000645a2000 	C:\Users\Tyler\AppData\Local\Temp\jogamp_0000\file_cache\jln6436922146645921285\jln2468784720367344910\jogl_desktop.dll
0x0000000180000000 - 0x000000018079c000 	C:\Windows\SYSTEM32\ig75icd64.dll
0x00007ffd00420000 - 0x00007ffd00860000 	C:\Windows\SYSTEM32\igdusc64.dll
0x00007ffd039a0000 - 0x00007ffd039e6000 	C:\Windows\SYSTEM32\powrprof.dll
0x0000000054120000 - 0x000000005414a000 	C:\Program Files\Java\jre1.8.0_45\bin\dcpr.dll
0x00007ffcfea70000 - 0x00007ffcfeada000 	C:\Windows\SYSTEM32\oleacc.dll
0x00007ffd01e60000 - 0x00007ffd01fea000 	C:\Windows\SYSTEM32\dbghelp.dll

VM Arguments:
jvm_args: -Xss10M -Xmx400M -Dfile.encoding=Cp1252 
java_command: repast.simphony.runtime.RepastMain C:\Users\Tyler\Google Drive\School\Research\Summer Research 2015\Bee Simulation/beeSim_V3.rs
java_class_path (initial): C:\RepastSimphony-2.3.1\eclipse\plugins\org.codehaus.groovy_2.3.7.xx-201411061335-e44-RELEASE\lib\groovy-all-2.3.7.jar;C:\RepastSimphony-2.3.1\eclipse\plugins\org.codehaus.groovy_2.3.7.xx-201411061335-e44-RELEASE\lib\bsf-2.4.0.jar;C:\RepastSimphony-2.3.1\eclipse\plugins\org.codehaus.groovy_2.3.7.xx-201411061335-e44-RELEASE\lib\ivy-2.3.0-sources.jar;C:\RepastSimphony-2.3.1\eclipse\plugins\org.codehaus.groovy_2.3.7.xx-201411061335-e44-RELEASE\lib\ivy-2.3.0.jar;C:\RepastSimphony-2.3.1\eclipse\plugins\org.codehaus.groovy_2.3.7.xx-201411061335-e44-RELEASE\lib\servlet-api-2.4.jar;C:\RepastSimphony-2.3.1\eclipse\plugins\repast.simphony.runtime_2.3.1\bin;C:\RepastSimphony-2.3.1\eclipse\plugins\repast.simphony.runtime_2.3.1\lib\saf.core.runtime.jar;C:\RepastSimphony-2.3.1\eclipse\plugins\repast.simphony.runtime_2.3.1\lib\commons-logging-1.1.2.jar;C:\RepastSimphony-2.3.1\eclipse\plugins\repast.simphony.runtime_2.3.1\lib\javassist-3.17.1-GA.jar;C:\RepastSimphony-2.3.1\eclipse\plugins\repast.simphony.runtime_2.3.1\lib\jpf.jar;C:\RepastSimphony-2.3.1\eclipse\plugins\repast.simphony.runtime_2.3.1\lib\jpf-boot.jar;C:\RepastSimphony-2.3.1\eclipse\plugins\repast.simphony.runtime_2.3.1\lib\log4j-1.2.16.jar;C:\RepastSimphony-2.3.1\eclipse\plugins\repast.simphony.runtime_2.3.1\lib\xpp3_min-1.1.4c.jar;C:\RepastSimphony-2.3.1\eclipse\plugins\repast.simphony.runtime_2.3.1\lib\xstream-1.4.7.jar;C:\RepastSimphony-2.3.1\eclipse\plugins\repast.simphony.runtime_2.3.1\lib\xmlpull-1.1.3.1.jar;C:\RepastSimphony-2.3.1\eclipse\plugins\repast.simphony.runtime_2.3.1\lib\commons-cli-1.2.jar
Launcher Type: SUN_STANDARD

Environment Variables:
PATH=C:/Program Files/Java/jre1.8.0_45/bin/server;C:/Program Files/Java/jre1.8.0_45/bin;C:/Program Files/Java/jre1.8.0_45/lib/amd64;C:\Program Files (x86)\NVIDIA Corporation\PhysX\Common;C:\ProgramData\Oracle\Java\javapath;C:\Windows\system32;C:\Windows;C:\Windows\System32\Wbem;C:\Windows\System32\WindowsPowerShell\v1.0\;C:\Program Files (x86)\Skype\Phone\;C:\Program Files\MATLAB\R2014a\runtime\win64;C:\Program Files\MATLAB\R2014a\bin;c:\users\tyler\appdata\local\enthought\canopy\user\scripts;C:\Users\Tyler\AppData\Local\Enthought\Canopy\User;C:\Users\Tyler\AppData\Local\Enthought\Canopy\User\Scripts;C:\RepastSimphony-2.3.1\eclipse;
USERNAME=Tyler
OS=Windows_NT
PROCESSOR_IDENTIFIER=Intel64 Family 6 Model 69 Stepping 1, GenuineIntel



---------------  S Y S T E M  ---------------

OS: Windows 8.1 , 64 bit Build 9600 (6.3.9600.17415)

CPU:total 4 (2 cores per cpu, 2 threads per core) family 6 model 69 stepping 1, cmov, cx8, fxsr, mmx, sse, sse2, sse3, ssse3, sse4.1, sse4.2, popcnt, avx, avx2, aes, clmul, erms, lzcnt, ht, tsc, tscinvbit, bmi1, bmi2

Memory: 4k page, physical 4074840k(951628k free), swap 10265540k(4649020k free)

vm_info: Java HotSpot(TM) 64-Bit Server VM (25.45-b02) for windows-amd64 JRE (1.8.0_45-b15), built on Apr 30 2015 12:40:44 by "java_re" with MS VC++ 10.0 (VS2010)

time: Tue Jul 21 16:02:50 2015
elapsed time: 518 seconds (0d 0h 8m 38s)

